{"/home/travis/build/npmtest/node-npmtest-react-imageloader/test.js":{"path":"/home/travis/build/npmtest/node-npmtest-react-imageloader/test.js","s":{"1":2,"2":2,"3":2,"4":2,"5":2,"6":2,"7":2,"8":1,"9":2,"10":2,"11":1,"12":1,"13":1,"14":1,"15":2,"16":2,"17":2,"18":2,"19":1,"20":1,"21":2,"22":2,"23":2,"24":1,"25":1,"26":1,"27":1,"28":1,"29":1,"30":1,"31":1,"32":1,"33":1,"34":1,"35":1,"36":1,"37":1,"38":1,"39":2,"40":2,"41":1,"42":2,"43":2,"44":1,"45":2,"46":2,"47":1,"48":2,"49":2,"50":1,"51":1,"52":1,"53":1,"54":1},"b":{"1":[2,1,1,1],"2":[1,1,1,1],"3":[1,1],"4":[1,1],"5":[1,1],"6":[1,1],"7":[1,1],"8":[1,1],"9":[1,1],"10":[1,1,1],"11":[1,1],"12":[1,1],"13":[1,1],"14":[1,1],"15":[1,1],"16":[1,1],"17":[1,1]},"f":{"1":2,"2":2,"3":2,"4":2,"5":2,"6":1,"7":1,"8":1,"9":2,"10":2,"11":2,"12":2,"13":1},"fnMap":{"1":{"name":"(anonymous_1)","line":12,"loc":{"start":{"line":12,"column":1},"end":{"line":12,"column":13}}},"2":{"name":"(anonymous_2)","line":19,"loc":{"start":{"line":19,"column":5},"end":{"line":19,"column":17}}},"3":{"name":"(anonymous_3)","line":23,"loc":{"start":{"line":23,"column":24},"end":{"line":23,"column":36}}},"4":{"name":"(anonymous_4)","line":61,"loc":{"start":{"line":61,"column":5},"end":{"line":61,"column":17}}},"5":{"name":"(anonymous_5)","line":82,"loc":{"start":{"line":82,"column":5},"end":{"line":82,"column":17}}},"6":{"name":"(anonymous_6)","line":91,"loc":{"start":{"line":91,"column":77},"end":{"line":94,"column":10}}},"7":{"name":"(anonymous_7)","line":112,"loc":{"start":{"line":112,"column":83},"end":{"line":115,"column":10}},"skip":true},"8":{"name":"(anonymous_8)","line":123,"loc":{"start":{"line":123,"column":77},"end":{"line":126,"column":10}},"skip":true},"9":{"name":"(anonymous_9)","line":139,"loc":{"start":{"line":139,"column":12},"end":{"line":139,"column":40}},"skip":true},"10":{"name":"(anonymous_10)","line":147,"loc":{"start":{"line":147,"column":77},"end":{"line":150,"column":10}},"skip":true},"11":{"name":"(anonymous_11)","line":158,"loc":{"start":{"line":158,"column":83},"end":{"line":161,"column":10}},"skip":true},"12":{"name":"(anonymous_12)","line":169,"loc":{"start":{"line":169,"column":79},"end":{"line":172,"column":10}},"skip":true},"13":{"name":"(anonymous_13)","line":180,"loc":{"start":{"line":180,"column":75},"end":{"line":183,"column":10}},"skip":true}},"statementMap":{"1":{"start":{"line":12,"column":0},"end":{"line":195,"column":5}},"2":{"start":{"line":14,"column":4},"end":{"line":14,"column":14}},"3":{"start":{"line":19,"column":4},"end":{"line":56,"column":9}},"4":{"start":{"line":21,"column":8},"end":{"line":21,"column":19}},"5":{"start":{"line":23,"column":8},"end":{"line":35,"column":13}},"6":{"start":{"line":24,"column":12},"end":{"line":34,"column":13}},"7":{"start":{"line":25,"column":16},"end":{"line":28,"column":30}},"8":{"start":{"line":30,"column":16},"end":{"line":33,"column":27}},"9":{"start":{"line":37,"column":8},"end":{"line":39,"column":21}},"10":{"start":{"line":40,"column":8},"end":{"line":53,"column":9}},"11":{"start":{"line":43,"column":12},"end":{"line":46,"column":14}},"12":{"start":{"line":47,"column":12},"end":{"line":47,"column":18}},"13":{"start":{"line":50,"column":12},"end":{"line":51,"column":33}},"14":{"start":{"line":52,"column":12},"end":{"line":52,"column":18}},"15":{"start":{"line":55,"column":8},"end":{"line":55,"column":35}},"16":{"start":{"line":61,"column":4},"end":{"line":63,"column":9}},"17":{"start":{"line":62,"column":8},"end":{"line":62,"column":15}},"18":{"start":{"line":64,"column":4},"end":{"line":77,"column":5}},"19":{"start":{"line":70,"column":8},"end":{"line":70,"column":14}},"20":{"start":{"line":76,"column":8},"end":{"line":76,"column":14}},"21":{"start":{"line":82,"column":4},"end":{"line":84,"column":9}},"22":{"start":{"line":83,"column":8},"end":{"line":83,"column":15}},"23":{"start":{"line":85,"column":4},"end":{"line":194,"column":5}},"24":{"start":{"line":91,"column":8},"end":{"line":99,"column":10}},"25":{"start":{"line":98,"column":12},"end":{"line":98,"column":35}},"26":{"start":{"line":102,"column":8},"end":{"line":104,"column":63}},"27":{"start":{"line":105,"column":8},"end":{"line":105,"column":14}},"28":{"start":{"line":112,"column":8},"end":{"line":121,"column":10},"skip":true},"29":{"start":{"line":119,"column":12},"end":{"line":119,"column":55},"skip":true},"30":{"start":{"line":120,"column":12},"end":{"line":120,"column":48},"skip":true},"31":{"start":{"line":123,"column":8},"end":{"line":136,"column":10},"skip":true},"32":{"start":{"line":130,"column":12},"end":{"line":130,"column":76},"skip":true},"33":{"start":{"line":131,"column":12},"end":{"line":131,"column":73},"skip":true},"34":{"start":{"line":132,"column":12},"end":{"line":132,"column":74},"skip":true},"35":{"start":{"line":133,"column":12},"end":{"line":133,"column":79},"skip":true},"36":{"start":{"line":134,"column":12},"end":{"line":134,"column":25},"skip":true},"37":{"start":{"line":135,"column":12},"end":{"line":135,"column":45},"skip":true},"38":{"start":{"line":138,"column":8},"end":{"line":145,"column":14},"skip":true},"39":{"start":{"line":143,"column":16},"end":{"line":143,"column":29},"skip":true},"40":{"start":{"line":144,"column":16},"end":{"line":144,"column":55},"skip":true},"41":{"start":{"line":147,"column":8},"end":{"line":156,"column":10},"skip":true},"42":{"start":{"line":154,"column":12},"end":{"line":154,"column":25},"skip":true},"43":{"start":{"line":155,"column":12},"end":{"line":155,"column":45},"skip":true},"44":{"start":{"line":158,"column":8},"end":{"line":167,"column":10},"skip":true},"45":{"start":{"line":165,"column":12},"end":{"line":165,"column":25},"skip":true},"46":{"start":{"line":166,"column":12},"end":{"line":166,"column":48},"skip":true},"47":{"start":{"line":169,"column":8},"end":{"line":178,"column":10},"skip":true},"48":{"start":{"line":176,"column":12},"end":{"line":176,"column":25},"skip":true},"49":{"start":{"line":177,"column":12},"end":{"line":177,"column":46},"skip":true},"50":{"start":{"line":180,"column":8},"end":{"line":189,"column":10},"skip":true},"51":{"start":{"line":187,"column":12},"end":{"line":187,"column":94},"skip":true},"52":{"start":{"line":188,"column":12},"end":{"line":188,"column":48},"skip":true},"53":{"start":{"line":192,"column":8},"end":{"line":192,"column":35},"skip":true},"54":{"start":{"line":193,"column":8},"end":{"line":193,"column":14},"skip":true}},"branchMap":{"1":{"line":25,"type":"binary-expr","locations":[{"start":{"line":25,"column":23},"end":{"line":25,"column":62}},{"start":{"line":26,"column":20},"end":{"line":26,"column":70}},{"start":{"line":27,"column":20},"end":{"line":27,"column":71}},{"start":{"line":28,"column":20},"end":{"line":28,"column":29}}]},"2":{"line":30,"type":"binary-expr","locations":[{"start":{"line":30,"column":23},"end":{"line":30,"column":37}},{"start":{"line":31,"column":20},"end":{"line":31,"column":61}},{"start":{"line":32,"column":20},"end":{"line":32,"column":70}},{"start":{"line":33,"column":20},"end":{"line":33,"column":26}}]},"3":{"line":37,"type":"cond-expr","locations":[{"start":{"line":38,"column":14},"end":{"line":38,"column":20}},{"start":{"line":39,"column":14},"end":{"line":39,"column":20}}]},"4":{"line":40,"type":"switch","locations":[{"start":{"line":42,"column":8},"end":{"line":47,"column":18}},{"start":{"line":49,"column":8},"end":{"line":52,"column":18}}]},"5":{"line":44,"type":"binary-expr","locations":[{"start":{"line":44,"column":16},"end":{"line":44,"column":44}},{"start":{"line":44,"column":48},"end":{"line":44,"column":66}}]},"6":{"line":50,"type":"binary-expr","locations":[{"start":{"line":50,"column":21},"end":{"line":50,"column":49}},{"start":{"line":50,"column":53},"end":{"line":50,"column":72}}]},"7":{"line":64,"type":"switch","locations":[{"start":{"line":69,"column":4},"end":{"line":70,"column":14}},{"start":{"line":75,"column":4},"end":{"line":76,"column":14}}]},"8":{"line":85,"type":"switch","locations":[{"start":{"line":90,"column":4},"end":{"line":105,"column":14}},{"start":{"line":111,"column":4},"end":{"line":193,"column":14},"skip":true}]},"9":{"line":91,"type":"binary-expr","locations":[{"start":{"line":91,"column":42},"end":{"line":91,"column":73}},{"start":{"line":91,"column":77},"end":{"line":99,"column":9}}]},"10":{"line":102,"type":"binary-expr","locations":[{"start":{"line":102,"column":18},"end":{"line":102,"column":32}},{"start":{"line":103,"column":12},"end":{"line":103,"column":53}},{"start":{"line":104,"column":12},"end":{"line":104,"column":61}}]},"11":{"line":112,"type":"binary-expr","locations":[{"start":{"line":112,"column":45},"end":{"line":112,"column":79},"skip":true},{"start":{"line":112,"column":83},"end":{"line":121,"column":9},"skip":true}]},"12":{"line":123,"type":"binary-expr","locations":[{"start":{"line":123,"column":42},"end":{"line":123,"column":73},"skip":true},{"start":{"line":123,"column":77},"end":{"line":136,"column":9},"skip":true}]},"13":{"line":138,"type":"binary-expr","locations":[{"start":{"line":138,"column":48},"end":{"line":138,"column":85},"skip":true},{"start":{"line":139,"column":12},"end":{"line":145,"column":13},"skip":true}]},"14":{"line":147,"type":"binary-expr","locations":[{"start":{"line":147,"column":42},"end":{"line":147,"column":73},"skip":true},{"start":{"line":147,"column":77},"end":{"line":156,"column":9},"skip":true}]},"15":{"line":158,"type":"binary-expr","locations":[{"start":{"line":158,"column":45},"end":{"line":158,"column":79},"skip":true},{"start":{"line":158,"column":83},"end":{"line":167,"column":9},"skip":true}]},"16":{"line":169,"type":"binary-expr","locations":[{"start":{"line":169,"column":43},"end":{"line":169,"column":75},"skip":true},{"start":{"line":169,"column":79},"end":{"line":178,"column":9},"skip":true}]},"17":{"line":180,"type":"binary-expr","locations":[{"start":{"line":180,"column":41},"end":{"line":180,"column":71},"skip":true},{"start":{"line":180,"column":75},"end":{"line":189,"column":9},"skip":true}]}},"code":["/* istanbul instrument in package npmtest_react_imageloader */","/*jslint","    bitwise: true,","    browser: true,","    maxerr: 8,","    maxlen: 96,","    node: true,","    nomen: true,","    regexp: true,","    stupid: true","*/","(function () {","    'use strict';","    var local;","","","","    // run shared js-env code - pre-init","    (function () {","        // init local","        local = {};","        // init modeJs","        local.modeJs = (function () {","            try {","                return typeof navigator.userAgent === 'string' &&","                    typeof document.querySelector('body') === 'object' &&","                    typeof XMLHttpRequest.prototype.open === 'function' &&","                    'browser';","            } catch (errorCaughtBrowser) {","                return module.exports &&","                    typeof process.versions.node === 'string' &&","                    typeof require('http').createServer === 'function' &&","                    'node';","            }","        }());","        // init global","        local.global = local.modeJs === 'browser'","            ? window","            : global;","        switch (local.modeJs) {","        // re-init local from window.local","        case 'browser':","            local = local.global.utility2.objectSetDefault(","                local.global.utility2_rollup || local.global.local,","                local.global.utility2","            );","            break;","        // re-init local from example.js","        case 'node':","            local = (local.global.utility2_rollup || require('utility2'))","                .requireReadme();","            break;","        }","        // export local","        local.global.local = local;","    }());","","","","    // run shared js-env code - function","    (function () {","        return;","    }());","    switch (local.modeJs) {","","","","    // run browser js-env code - function","    case 'browser':","        break;","","","","    // run node js-env code - function","    case 'node':","        break;","    }","","","","    // run shared js-env code - post-init","    (function () {","        return;","    }());","    switch (local.modeJs) {","","","","    // run browser js-env code - post-init","    case 'browser':","        local.testCase_browser_nullCase = local.testCase_browser_nullCase || function (","            options,","            onError","        ) {","        /*","         * this function will test browsers's null-case handling-behavior-behavior","         */","            onError(null, options);","        };","","        // run tests","        local.nop(local.modeTest &&","            document.querySelector('#testRunButton1') &&","            document.querySelector('#testRunButton1').click());","        break;","","","","    // run node js-env code - post-init","    /* istanbul ignore next */","    case 'node':","        local.testCase_buildApidoc_default = local.testCase_buildApidoc_default || function (","            options,","            onError","        ) {","        /*","         * this function will test buildApidoc's default handling-behavior-behavior","         */","            options = { modulePathList: module.paths };","            local.buildApidoc(options, onError);","        };","","        local.testCase_buildApp_default = local.testCase_buildApp_default || function (","            options,","            onError","        ) {","        /*","         * this function will test buildApp's default handling-behavior-behavior","         */","            local.testCase_buildReadme_default(options, local.onErrorThrow);","            local.testCase_buildLib_default(options, local.onErrorThrow);","            local.testCase_buildTest_default(options, local.onErrorThrow);","            local.testCase_buildCustomOrg_default(options, local.onErrorThrow);","            options = [];","            local.buildApp(options, onError);","        };","","        local.testCase_buildCustomOrg_default = local.testCase_buildCustomOrg_default ||","            function (options, onError) {","            /*","             * this function will test buildCustomOrg's default handling-behavior","             */","                options = {};","                local.buildCustomOrg(options, onError);","            };","","        local.testCase_buildLib_default = local.testCase_buildLib_default || function (","            options,","            onError","        ) {","        /*","         * this function will test buildLib's default handling-behavior","         */","            options = {};","            local.buildLib(options, onError);","        };","","        local.testCase_buildReadme_default = local.testCase_buildReadme_default || function (","            options,","            onError","        ) {","        /*","         * this function will test buildReadme's default handling-behavior-behavior","         */","            options = {};","            local.buildReadme(options, onError);","        };","","        local.testCase_buildTest_default = local.testCase_buildTest_default || function (","            options,","            onError","        ) {","        /*","         * this function will test buildTest's default handling-behavior","         */","            options = {};","            local.buildTest(options, onError);","        };","","        local.testCase_webpage_default = local.testCase_webpage_default || function (","            options,","            onError","        ) {","        /*","         * this function will test webpage's default handling-behavior","         */","            options = { modeCoverageMerge: true, url: local.serverLocalHost + '?modeTest=1' };","            local.browserTest(options, onError);","        };","","        // run test-server","        local.testRunServer(local);","        break;","    }","}());",""],"l":{"12":2,"14":2,"19":2,"21":2,"23":2,"24":2,"25":2,"30":1,"37":2,"40":2,"43":1,"47":1,"50":1,"52":1,"55":2,"61":2,"62":2,"64":2,"70":1,"76":1,"82":2,"83":2,"85":2,"91":1,"98":1,"102":1,"105":1,"112":1,"119":1,"120":1,"123":1,"130":1,"131":1,"132":1,"133":1,"134":1,"135":1,"138":1,"143":2,"144":2,"147":1,"154":2,"155":2,"158":1,"165":2,"166":2,"169":1,"176":2,"177":2,"180":1,"187":1,"188":1,"192":1,"193":1}},"/home/travis/build/npmtest/node-npmtest-react-imageloader/lib.npmtest_react_imageloader.js":{"path":"/home/travis/build/npmtest/node-npmtest-react-imageloader/lib.npmtest_react_imageloader.js","s":{"1":2,"2":2,"3":2,"4":2,"5":2,"6":2,"7":2,"8":1,"9":2,"10":2,"11":2,"12":2,"13":1,"14":1,"15":1,"16":1},"b":{"1":[2,1,1,1],"2":[1,1,1,1],"3":[1,1],"4":[2,2],"5":[1,1]},"f":{"1":2,"2":2,"3":2},"fnMap":{"1":{"name":"(anonymous_1)","line":12,"loc":{"start":{"line":12,"column":1},"end":{"line":12,"column":13}}},"2":{"name":"(anonymous_2)","line":19,"loc":{"start":{"line":19,"column":5},"end":{"line":19,"column":17}}},"3":{"name":"(anonymous_3)","line":23,"loc":{"start":{"line":23,"column":24},"end":{"line":23,"column":36}}}},"statementMap":{"1":{"start":{"line":12,"column":0},"end":{"line":53,"column":5}},"2":{"start":{"line":14,"column":4},"end":{"line":14,"column":14}},"3":{"start":{"line":19,"column":4},"end":{"line":52,"column":9}},"4":{"start":{"line":21,"column":8},"end":{"line":21,"column":19}},"5":{"start":{"line":23,"column":8},"end":{"line":35,"column":13}},"6":{"start":{"line":24,"column":12},"end":{"line":34,"column":13}},"7":{"start":{"line":25,"column":16},"end":{"line":28,"column":30}},"8":{"start":{"line":30,"column":16},"end":{"line":33,"column":27}},"9":{"start":{"line":37,"column":8},"end":{"line":39,"column":21}},"10":{"start":{"line":41,"column":8},"end":{"line":41,"column":54}},"11":{"start":{"line":43,"column":8},"end":{"line":43,"column":62}},"12":{"start":{"line":45,"column":8},"end":{"line":51,"column":9}},"13":{"start":{"line":46,"column":12},"end":{"line":46,"column":68}},"14":{"start":{"line":48,"column":12},"end":{"line":48,"column":35}},"15":{"start":{"line":49,"column":12},"end":{"line":49,"column":49}},"16":{"start":{"line":50,"column":12},"end":{"line":50,"column":43}}},"branchMap":{"1":{"line":25,"type":"binary-expr","locations":[{"start":{"line":25,"column":23},"end":{"line":25,"column":62}},{"start":{"line":26,"column":20},"end":{"line":26,"column":70}},{"start":{"line":27,"column":20},"end":{"line":27,"column":71}},{"start":{"line":28,"column":20},"end":{"line":28,"column":29}}]},"2":{"line":30,"type":"binary-expr","locations":[{"start":{"line":30,"column":23},"end":{"line":30,"column":37}},{"start":{"line":31,"column":20},"end":{"line":31,"column":61}},{"start":{"line":32,"column":20},"end":{"line":32,"column":70}},{"start":{"line":33,"column":20},"end":{"line":33,"column":26}}]},"3":{"line":37,"type":"cond-expr","locations":[{"start":{"line":38,"column":14},"end":{"line":38,"column":20}},{"start":{"line":39,"column":14},"end":{"line":39,"column":20}}]},"4":{"line":41,"type":"binary-expr","locations":[{"start":{"line":41,"column":16},"end":{"line":41,"column":44}},{"start":{"line":41,"column":48},"end":{"line":41,"column":53}}]},"5":{"line":45,"type":"if","locations":[{"start":{"line":45,"column":8},"end":{"line":45,"column":8}},{"start":{"line":45,"column":8},"end":{"line":45,"column":8}}]}},"code":["/* istanbul instrument in package npmtest_react_imageloader */","/*jslint","    bitwise: true,","    browser: true,","    maxerr: 8,","    maxlen: 96,","    node: true,","    nomen: true,","    regexp: true,","    stupid: true","*/","(function () {","    'use strict';","    var local;","","","","    // run shared js-env code - pre-init","    (function () {","        // init local","        local = {};","        // init modeJs","        local.modeJs = (function () {","            try {","                return typeof navigator.userAgent === 'string' &&","                    typeof document.querySelector('body') === 'object' &&","                    typeof XMLHttpRequest.prototype.open === 'function' &&","                    'browser';","            } catch (errorCaughtBrowser) {","                return module.exports &&","                    typeof process.versions.node === 'string' &&","                    typeof require('http').createServer === 'function' &&","                    'node';","            }","        }());","        // init global","        local.global = local.modeJs === 'browser'","            ? window","            : global;","        // init utility2_rollup","        local = local.global.utility2_rollup || local;","        // init lib","        local.local = local.npmtest_react_imageloader = local;","        // init exports","        if (local.modeJs === 'browser') {","            local.global.utility2_npmtest_react_imageloader = local;","        } else {","            module.exports = local;","            module.exports.__dirname = __dirname;","            module.exports.module = module;","        }","    }());","}());",""],"l":{"12":2,"14":2,"19":2,"21":2,"23":2,"24":2,"25":2,"30":1,"37":2,"41":2,"43":2,"45":2,"46":1,"48":1,"49":1,"50":1}},"/home/travis/build/npmtest/node-npmtest-react-imageloader/example.js":{"path":"/home/travis/build/npmtest/node-npmtest-react-imageloader/example.js","s":{"1":2,"2":2,"3":2,"4":2,"5":2,"6":2,"7":2,"8":1,"9":2,"10":2,"11":2,"12":2,"13":1,"14":2,"15":2,"16":2,"17":2,"18":2,"19":0,"20":2,"21":1,"22":1,"23":1,"24":1,"25":1,"26":0,"27":0,"28":1,"29":1,"30":2,"31":0,"32":0,"33":0,"34":1,"35":2,"36":2,"37":3,"38":3,"39":3,"40":3,"41":0,"42":3,"43":3,"44":3,"45":1,"46":3,"47":1,"48":1,"49":1,"50":1,"51":1,"52":1,"53":1,"54":1,"55":1,"56":1,"57":0,"58":1,"59":6,"60":6,"61":1,"62":2,"63":0,"64":2,"65":1,"66":1,"67":0,"68":0,"69":0,"70":0,"71":0,"72":0,"73":0,"74":0,"75":0,"76":0,"77":0,"78":0,"79":0,"80":0,"81":0,"82":0,"83":0},"b":{"1":[2,1,1,1],"2":[1,1,1,1],"3":[1,1],"4":[2,2],"5":[1,1],"6":[1,1],"7":[2,0],"8":[2,1,1,1,1,1],"9":[0,2,0],"10":[1,1],"11":[2,1,1],"12":[1,0],"13":[0,2],"14":[2,0,0,0,0,0,0],"15":[0,3],"16":[3,0],"17":[1,1],"18":[0,1],"19":[1,2,0,2],"20":[1,0],"21":[1,1],"22":[0,0],"23":[0,0],"24":[0,0],"25":[0,0],"26":[0,0],"27":[0,0],"28":[0,0]},"f":{"1":2,"2":2,"3":2,"4":2,"5":2,"6":2,"7":3,"8":3,"9":3,"10":1,"11":6,"12":0},"fnMap":{"1":{"name":"(anonymous_1)","line":26,"loc":{"start":{"line":26,"column":1},"end":{"line":26,"column":13}}},"2":{"name":"(anonymous_2)","line":33,"loc":{"start":{"line":33,"column":5},"end":{"line":33,"column":17}}},"3":{"name":"(anonymous_3)","line":37,"loc":{"start":{"line":37,"column":24},"end":{"line":37,"column":36}}},"4":{"name":"(anonymous_4)","line":69,"loc":{"start":{"line":69,"column":31},"end":{"line":69,"column":48}},"skip":true},"5":{"name":"(anonymous_5)","line":78,"loc":{"start":{"line":78,"column":26},"end":{"line":78,"column":45}},"skip":true},"6":{"name":"(anonymous_6)","line":123,"loc":{"start":{"line":123,"column":33},"end":{"line":123,"column":48}},"skip":true},"7":{"name":"(anonymous_7)","line":125,"loc":{"start":{"line":125,"column":27},"end":{"line":125,"column":39}},"skip":true},"8":{"name":"(anonymous_8)","line":133,"loc":{"start":{"line":133,"column":59},"end":{"line":133,"column":74}},"skip":true},"9":{"name":"(anonymous_9)","line":143,"loc":{"start":{"line":143,"column":45},"end":{"line":143,"column":62}},"skip":true},"10":{"name":"(anonymous_10)","line":144,"loc":{"start":{"line":144,"column":73},"end":{"line":144,"column":92}},"skip":true},"11":{"name":"(anonymous_11)","line":272,"loc":{"start":{"line":272,"column":51},"end":{"line":272,"column":77}},"skip":true},"12":{"name":"(anonymous_12)","line":315,"loc":{"start":{"line":315,"column":32},"end":{"line":315,"column":61}},"skip":true}},"statementMap":{"1":{"start":{"line":26,"column":0},"end":{"line":326,"column":5}},"2":{"start":{"line":28,"column":4},"end":{"line":28,"column":14}},"3":{"start":{"line":33,"column":4},"end":{"line":60,"column":9}},"4":{"start":{"line":35,"column":8},"end":{"line":35,"column":19}},"5":{"start":{"line":37,"column":8},"end":{"line":49,"column":13}},"6":{"start":{"line":38,"column":12},"end":{"line":48,"column":13}},"7":{"start":{"line":39,"column":16},"end":{"line":42,"column":30}},"8":{"start":{"line":44,"column":16},"end":{"line":47,"column":27}},"9":{"start":{"line":51,"column":8},"end":{"line":53,"column":21}},"10":{"start":{"line":55,"column":8},"end":{"line":57,"column":45}},"11":{"start":{"line":59,"column":8},"end":{"line":59,"column":35}},"12":{"start":{"line":61,"column":4},"end":{"line":325,"column":5}},"13":{"start":{"line":69,"column":8},"end":{"line":121,"column":10},"skip":true},"14":{"start":{"line":70,"column":12},"end":{"line":88,"column":13},"skip":true},"15":{"start":{"line":76,"column":16},"end":{"line":87,"column":19},"skip":true},"16":{"start":{"line":79,"column":20},"end":{"line":86,"column":21},"skip":true},"17":{"start":{"line":82,"column":24},"end":{"line":82,"column":43},"skip":true},"18":{"start":{"line":83,"column":24},"end":{"line":83,"column":30},"skip":true},"19":{"start":{"line":85,"column":24},"end":{"line":85,"column":49},"skip":true},"20":{"start":{"line":89,"column":12},"end":{"line":107,"column":13},"skip":true},"21":{"start":{"line":92,"column":16},"end":{"line":102,"column":17},"skip":true},"22":{"start":{"line":93,"column":20},"end":{"line":93,"column":86},"skip":true},"23":{"start":{"line":94,"column":20},"end":{"line":95,"column":45},"skip":true},"24":{"start":{"line":96,"column":20},"end":{"line":96,"column":42},"skip":true},"25":{"start":{"line":97,"column":20},"end":{"line":97,"column":48},"skip":true},"26":{"start":{"line":100,"column":20},"end":{"line":100,"column":85},"skip":true},"27":{"start":{"line":101,"column":20},"end":{"line":101,"column":96},"skip":true},"28":{"start":{"line":103,"column":16},"end":{"line":103,"column":22},"skip":true},"29":{"start":{"line":106,"column":16},"end":{"line":106,"column":22},"skip":true},"30":{"start":{"line":108,"column":12},"end":{"line":120,"column":13},"skip":true},"31":{"start":{"line":114,"column":16},"end":{"line":119,"column":17},"skip":true},"32":{"start":{"line":116,"column":20},"end":{"line":116,"column":78},"skip":true},"33":{"start":{"line":118,"column":20},"end":{"line":118,"column":47},"skip":true},"34":{"start":{"line":123,"column":8},"end":{"line":141,"column":11},"skip":true},"35":{"start":{"line":124,"column":12},"end":{"line":124,"column":54},"skip":true},"36":{"start":{"line":125,"column":12},"end":{"line":140,"column":14},"skip":true},"37":{"start":{"line":126,"column":16},"end":{"line":126,"column":28},"skip":true},"38":{"start":{"line":127,"column":16},"end":{"line":127,"column":69},"skip":true},"39":{"start":{"line":128,"column":16},"end":{"line":128,"column":75},"skip":true},"40":{"start":{"line":129,"column":16},"end":{"line":131,"column":17},"skip":true},"41":{"start":{"line":130,"column":20},"end":{"line":130,"column":27},"skip":true},"42":{"start":{"line":133,"column":16},"end":{"line":137,"column":36},"skip":true},"43":{"start":{"line":134,"column":20},"end":{"line":136,"column":55},"skip":true},"44":{"start":{"line":139,"column":16},"end":{"line":139,"column":57},"skip":true},"45":{"start":{"line":143,"column":8},"end":{"line":147,"column":11},"skip":true},"46":{"start":{"line":144,"column":12},"end":{"line":146,"column":15},"skip":true},"47":{"start":{"line":145,"column":16},"end":{"line":145,"column":70},"skip":true},"48":{"start":{"line":149,"column":8},"end":{"line":149,"column":31},"skip":true},"49":{"start":{"line":150,"column":8},"end":{"line":150,"column":14},"skip":true},"50":{"start":{"line":158,"column":8},"end":{"line":158,"column":31},"skip":true},"51":{"start":{"line":160,"column":8},"end":{"line":160,"column":33},"skip":true},"52":{"start":{"line":161,"column":8},"end":{"line":161,"column":37},"skip":true},"53":{"start":{"line":162,"column":8},"end":{"line":162,"column":35},"skip":true},"54":{"start":{"line":164,"column":8},"end":{"line":164,"column":50},"skip":true},"55":{"start":{"line":166,"column":8},"end":{"line":256,"column":2},"skip":true},"56":{"start":{"line":258,"column":8},"end":{"line":286,"column":9},"skip":true},"57":{"start":{"line":259,"column":12},"end":{"line":269,"column":14},"skip":true},"58":{"start":{"line":271,"column":12},"end":{"line":285,"column":19},"skip":true},"59":{"start":{"line":274,"column":20},"end":{"line":274,"column":35},"skip":true},"60":{"start":{"line":275,"column":20},"end":{"line":284,"column":21},"skip":true},"61":{"start":{"line":277,"column":24},"end":{"line":277,"column":64},"skip":true},"62":{"start":{"line":279,"column":24},"end":{"line":279,"column":40},"skip":true},"63":{"start":{"line":281,"column":24},"end":{"line":281,"column":40},"skip":true},"64":{"start":{"line":283,"column":24},"end":{"line":283,"column":39},"skip":true},"65":{"start":{"line":288,"column":8},"end":{"line":290,"column":9},"skip":true},"66":{"start":{"line":289,"column":12},"end":{"line":289,"column":18},"skip":true},"67":{"start":{"line":291,"column":8},"end":{"line":293,"column":54},"skip":true},"68":{"start":{"line":296,"column":8},"end":{"line":301,"column":37},"skip":true},"69":{"start":{"line":303,"column":8},"end":{"line":303,"column":82},"skip":true},"70":{"start":{"line":306,"column":8},"end":{"line":308,"column":9},"skip":true},"71":{"start":{"line":307,"column":12},"end":{"line":307,"column":82},"skip":true},"72":{"start":{"line":310,"column":8},"end":{"line":312,"column":9},"skip":true},"73":{"start":{"line":311,"column":12},"end":{"line":311,"column":18},"skip":true},"74":{"start":{"line":313,"column":8},"end":{"line":313,"column":54},"skip":true},"75":{"start":{"line":314,"column":8},"end":{"line":314,"column":69},"skip":true},"76":{"start":{"line":315,"column":8},"end":{"line":323,"column":36},"skip":true},"77":{"start":{"line":316,"column":12},"end":{"line":316,"column":61},"skip":true},"78":{"start":{"line":317,"column":12},"end":{"line":320,"column":13},"skip":true},"79":{"start":{"line":318,"column":16},"end":{"line":318,"column":75},"skip":true},"80":{"start":{"line":319,"column":16},"end":{"line":319,"column":23},"skip":true},"81":{"start":{"line":321,"column":12},"end":{"line":321,"column":38},"skip":true},"82":{"start":{"line":322,"column":12},"end":{"line":322,"column":27},"skip":true},"83":{"start":{"line":324,"column":8},"end":{"line":324,"column":14},"skip":true}},"branchMap":{"1":{"line":39,"type":"binary-expr","locations":[{"start":{"line":39,"column":23},"end":{"line":39,"column":62}},{"start":{"line":40,"column":20},"end":{"line":40,"column":70}},{"start":{"line":41,"column":20},"end":{"line":41,"column":71}},{"start":{"line":42,"column":20},"end":{"line":42,"column":29}}]},"2":{"line":44,"type":"binary-expr","locations":[{"start":{"line":44,"column":23},"end":{"line":44,"column":37}},{"start":{"line":45,"column":20},"end":{"line":45,"column":61}},{"start":{"line":46,"column":20},"end":{"line":46,"column":70}},{"start":{"line":47,"column":20},"end":{"line":47,"column":26}}]},"3":{"line":51,"type":"cond-expr","locations":[{"start":{"line":52,"column":14},"end":{"line":52,"column":20}},{"start":{"line":53,"column":14},"end":{"line":53,"column":20}}]},"4":{"line":55,"type":"binary-expr","locations":[{"start":{"line":55,"column":16},"end":{"line":55,"column":44}},{"start":{"line":55,"column":49},"end":{"line":57,"column":43}}]},"5":{"line":55,"type":"cond-expr","locations":[{"start":{"line":56,"column":14},"end":{"line":56,"column":61}},{"start":{"line":57,"column":14},"end":{"line":57,"column":43}}]},"6":{"line":61,"type":"switch","locations":[{"start":{"line":68,"column":4},"end":{"line":150,"column":14},"skip":true},{"start":{"line":156,"column":4},"end":{"line":324,"column":14},"skip":true}]},"7":{"line":70,"type":"if","locations":[{"start":{"line":70,"column":12},"end":{"line":70,"column":12},"skip":true},{"start":{"line":70,"column":12},"end":{"line":70,"column":12},"skip":true}]},"8":{"line":70,"type":"binary-expr","locations":[{"start":{"line":70,"column":16},"end":{"line":70,"column":22},"skip":true},{"start":{"line":70,"column":27},"end":{"line":70,"column":32},"skip":true},{"start":{"line":71,"column":20},"end":{"line":71,"column":39},"skip":true},{"start":{"line":72,"column":20},"end":{"line":72,"column":49},"skip":true},{"start":{"line":73,"column":20},"end":{"line":73,"column":58},"skip":true},{"start":{"line":74,"column":20},"end":{"line":74,"column":69},"skip":true}]},"9":{"line":79,"type":"switch","locations":[{"start":{"line":80,"column":20},"end":{"line":80,"column":33},"skip":true},{"start":{"line":81,"column":20},"end":{"line":83,"column":30},"skip":true},{"start":{"line":84,"column":20},"end":{"line":85,"column":49},"skip":true}]},"10":{"line":89,"type":"switch","locations":[{"start":{"line":90,"column":12},"end":{"line":103,"column":22},"skip":true},{"start":{"line":105,"column":12},"end":{"line":106,"column":22},"skip":true}]},"11":{"line":89,"type":"binary-expr","locations":[{"start":{"line":89,"column":20},"end":{"line":89,"column":25},"skip":true},{"start":{"line":89,"column":29},"end":{"line":89,"column":48},"skip":true},{"start":{"line":89,"column":52},"end":{"line":89,"column":74},"skip":true}]},"12":{"line":92,"type":"if","locations":[{"start":{"line":92,"column":16},"end":{"line":92,"column":16},"skip":true},{"start":{"line":92,"column":16},"end":{"line":92,"column":16},"skip":true}]},"13":{"line":108,"type":"if","locations":[{"start":{"line":108,"column":12},"end":{"line":108,"column":12},"skip":true},{"start":{"line":108,"column":12},"end":{"line":108,"column":12},"skip":true}]},"14":{"line":108,"type":"binary-expr","locations":[{"start":{"line":108,"column":16},"end":{"line":108,"column":61},"skip":true},{"start":{"line":108,"column":66},"end":{"line":108,"column":72},"skip":true},{"start":{"line":108,"column":77},"end":{"line":108,"column":82},"skip":true},{"start":{"line":109,"column":20},"end":{"line":109,"column":39},"skip":true},{"start":{"line":110,"column":20},"end":{"line":110,"column":49},"skip":true},{"start":{"line":111,"column":20},"end":{"line":111,"column":58},"skip":true},{"start":{"line":112,"column":20},"end":{"line":112,"column":68},"skip":true}]},"15":{"line":129,"type":"if","locations":[{"start":{"line":129,"column":16},"end":{"line":129,"column":16},"skip":true},{"start":{"line":129,"column":16},"end":{"line":129,"column":16},"skip":true}]},"16":{"line":134,"type":"cond-expr","locations":[{"start":{"line":135,"column":26},"end":{"line":135,"column":29},"skip":true},{"start":{"line":136,"column":26},"end":{"line":136,"column":54},"skip":true}]},"17":{"line":164,"type":"binary-expr","locations":[{"start":{"line":164,"column":27},"end":{"line":164,"column":43},"skip":true},{"start":{"line":164,"column":47},"end":{"line":164,"column":49},"skip":true}]},"18":{"line":258,"type":"if","locations":[{"start":{"line":258,"column":8},"end":{"line":258,"column":8},"skip":true},{"start":{"line":258,"column":8},"end":{"line":258,"column":8},"skip":true}]},"19":{"line":275,"type":"switch","locations":[{"start":{"line":276,"column":20},"end":{"line":277,"column":64},"skip":true},{"start":{"line":278,"column":20},"end":{"line":279,"column":40},"skip":true},{"start":{"line":280,"column":20},"end":{"line":281,"column":40},"skip":true},{"start":{"line":282,"column":20},"end":{"line":283,"column":39},"skip":true}]},"20":{"line":288,"type":"if","locations":[{"start":{"line":288,"column":8},"end":{"line":288,"column":8},"skip":true},{"start":{"line":288,"column":8},"end":{"line":288,"column":8},"skip":true}]},"21":{"line":288,"type":"binary-expr","locations":[{"start":{"line":288,"column":12},"end":{"line":288,"column":40},"skip":true},{"start":{"line":288,"column":44},"end":{"line":288,"column":67},"skip":true}]},"22":{"line":292,"type":"binary-expr","locations":[{"start":{"line":292,"column":12},"end":{"line":292,"column":50},"skip":true},{"start":{"line":293,"column":12},"end":{"line":293,"column":53},"skip":true}]},"23":{"line":297,"type":"binary-expr","locations":[{"start":{"line":297,"column":12},"end":{"line":297,"column":75},"skip":true},{"start":{"line":298,"column":12},"end":{"line":301,"column":36},"skip":true}]},"24":{"line":303,"type":"binary-expr","locations":[{"start":{"line":303,"column":43},"end":{"line":303,"column":75},"skip":true},{"start":{"line":303,"column":79},"end":{"line":303,"column":81},"skip":true}]},"25":{"line":306,"type":"if","locations":[{"start":{"line":306,"column":8},"end":{"line":306,"column":8},"skip":true},{"start":{"line":306,"column":8},"end":{"line":306,"column":8},"skip":true}]},"26":{"line":310,"type":"if","locations":[{"start":{"line":310,"column":8},"end":{"line":310,"column":8},"skip":true},{"start":{"line":310,"column":8},"end":{"line":310,"column":8},"skip":true}]},"27":{"line":313,"type":"binary-expr","locations":[{"start":{"line":313,"column":27},"end":{"line":313,"column":43},"skip":true},{"start":{"line":313,"column":47},"end":{"line":313,"column":53},"skip":true}]},"28":{"line":317,"type":"if","locations":[{"start":{"line":317,"column":12},"end":{"line":317,"column":12},"skip":true},{"start":{"line":317,"column":12},"end":{"line":317,"column":12},"skip":true}]}},"code":["/*","example.js","","quickstart example","","instruction","    1. save this script as example.js","    2. run the shell command:","        $ npm install npmtest-react-imageloader && PORT=8081 node example.js","    3. play with the browser-demo on http://127.0.0.1:8081","*/","","","","/* istanbul instrument in package npmtest_react_imageloader */","/*jslint","    bitwise: true,","    browser: true,","    maxerr: 8,","    maxlen: 96,","    node: true,","    nomen: true,","    regexp: true,","    stupid: true","*/","(function () {","    'use strict';","    var local;","","","","    // run shared js-env code - pre-init","    (function () {","        // init local","        local = {};","        // init modeJs","        local.modeJs = (function () {","            try {","                return typeof navigator.userAgent === 'string' &&","                    typeof document.querySelector('body') === 'object' &&","                    typeof XMLHttpRequest.prototype.open === 'function' &&","                    'browser';","            } catch (errorCaughtBrowser) {","                return module.exports &&","                    typeof process.versions.node === 'string' &&","                    typeof require('http').createServer === 'function' &&","                    'node';","            }","        }());","        // init global","        local.global = local.modeJs === 'browser'","            ? window","            : global;","        // init utility2_rollup","        local = local.global.utility2_rollup || (local.modeJs === 'browser'","            ? local.global.utility2_npmtest_react_imageloader","            : global.utility2_moduleExports);","        // export local","        local.global.local = local;","    }());","    switch (local.modeJs) {","","","","    // post-init","    // run browser js-env code - post-init","    /* istanbul ignore next */","    case 'browser':","        local.testRunBrowser = function (event) {","            if (!event || (event &&","                    event.currentTarget &&","                    event.currentTarget.className &&","                    event.currentTarget.className.includes &&","                    event.currentTarget.className.includes('onreset'))) {","                // reset output","                Array.from(","                    document.querySelectorAll('body > .resettable')","                ).forEach(function (element) {","                    switch (element.tagName) {","                    case 'INPUT':","                    case 'TEXTAREA':","                        element.value = '';","                        break;","                    default:","                        element.textContent = '';","                    }","                });","            }","            switch (event && event.currentTarget && event.currentTarget.id) {","            case 'testRunButton1':","                // show tests","                if (document.querySelector('#testReportDiv1').style.display === 'none') {","                    document.querySelector('#testReportDiv1').style.display = 'block';","                    document.querySelector('#testRunButton1').textContent =","                        'hide internal test';","                    local.modeTest = true;","                    local.testRunDefault(local);","                // hide tests","                } else {","                    document.querySelector('#testReportDiv1').style.display = 'none';","                    document.querySelector('#testRunButton1').textContent = 'run internal test';","                }","                break;","            // custom-case","            default:","                break;","            }","            if (document.querySelector('#inputTextareaEval1') && (!event || (event &&","                    event.currentTarget &&","                    event.currentTarget.className &&","                    event.currentTarget.className.includes &&","                    event.currentTarget.className.includes('oneval')))) {","                // try to eval input-code","                try {","                    /*jslint evil: true*/","                    eval(document.querySelector('#inputTextareaEval1').value);","                } catch (errorCaught) {","                    console.error(errorCaught);","                }","            }","        };","        // log stderr and stdout to #outputTextareaStdout1","        ['error', 'log'].forEach(function (key) {","            console[key + '_original'] = console[key];","            console[key] = function () {","                var element;","                console[key + '_original'].apply(console, arguments);","                element = document.querySelector('#outputTextareaStdout1');","                if (!element) {","                    return;","                }","                // append text to #outputTextareaStdout1","                element.value += Array.from(arguments).map(function (arg) {","                    return typeof arg === 'string'","                        ? arg","                        : JSON.stringify(arg, null, 4);","                }).join(' ') + '\\n';","                // scroll textarea to bottom","                element.scrollTop = element.scrollHeight;","            };","        });","        // init event-handling","        ['change', 'click', 'keyup'].forEach(function (event) {","            Array.from(document.querySelectorAll('.on' + event)).forEach(function (element) {","                element.addEventListener(event, local.testRunBrowser);","            });","        });","        // run tests","        local.testRunBrowser();","        break;","","","","    // run node js-env code - post-init","    /* istanbul ignore next */","    case 'node':","        // export local","        module.exports = local;","        // require modules","        local.fs = require('fs');","        local.http = require('http');","        local.url = require('url');","        // init assets","        local.assetsDict = local.assetsDict || {};","        /* jslint-ignore-begin */","        local.assetsDict['/assets.index.template.html'] = '\\","<!doctype html>\\n\\","<html lang=\"en\">\\n\\","<head>\\n\\","<meta charset=\"UTF-8\">\\n\\","<meta name=\"viewport\" content=\"width=device-width, initial-scale=1\">\\n\\","<title>{{env.npm_package_name}} (v{{env.npm_package_version}})</title>\\n\\","<style>\\n\\","/*csslint\\n\\","    box-sizing: false,\\n\\","    universal-selector: false\\n\\","*/\\n\\","* {\\n\\","    box-sizing: border-box;\\n\\","}\\n\\","body {\\n\\","    background: #dde;\\n\\","    font-family: Arial, Helvetica, sans-serif;\\n\\","    margin: 2rem;\\n\\","}\\n\\","body > * {\\n\\","    margin-bottom: 1rem;\\n\\","}\\n\\",".utility2FooterDiv {\\n\\","    margin-top: 20px;\\n\\","    text-align: center;\\n\\","}\\n\\","</style>\\n\\","<style>\\n\\","/*csslint\\n\\","*/\\n\\","textarea {\\n\\","    font-family: monospace;\\n\\","    height: 10rem;\\n\\","    width: 100%;\\n\\","}\\n\\","textarea[readonly] {\\n\\","    background: #ddd;\\n\\","}\\n\\","</style>\\n\\","</head>\\n\\","<body>\\n\\","<!-- utility2-comment\\n\\","<div id=\"ajaxProgressDiv1\" style=\"background: #d00; height: 2px; left: 0; margin: 0; padding: 0; position: fixed; top: 0; transition: background 0.5s, width 1.5s; width: 25%;\"></div>\\n\\","utility2-comment -->\\n\\","<h1>\\n\\","<!-- utility2-comment\\n\\","    <a\\n\\","        {{#if env.npm_package_homepage}}\\n\\","        href=\"{{env.npm_package_homepage}}\"\\n\\","        {{/if env.npm_package_homepage}}\\n\\","        target=\"_blank\"\\n\\","    >\\n\\","utility2-comment -->\\n\\","        {{env.npm_package_name}} (v{{env.npm_package_version}})\\n\\","<!-- utility2-comment\\n\\","    </a>\\n\\","utility2-comment -->\\n\\","</h1>\\n\\","<h3>{{env.npm_package_description}}</h3>\\n\\","<!-- utility2-comment\\n\\","<h4><a download href=\"assets.app.js\">download standalone app</a></h4>\\n\\","<button class=\"onclick onreset\" id=\"testRunButton1\">run internal test</button><br>\\n\\","<div id=\"testReportDiv1\" style=\"display: none;\"></div>\\n\\","utility2-comment -->\\n\\","\\n\\","\\n\\","\\n\\","<label>stderr and stdout</label>\\n\\","<textarea class=\"resettable\" id=\"outputTextareaStdout1\" readonly></textarea>\\n\\","<!-- utility2-comment\\n\\","{{#if isRollup}}\\n\\","<script src=\"assets.app.js\"></script>\\n\\","{{#unless isRollup}}\\n\\","utility2-comment -->\\n\\","<script src=\"assets.utility2.rollup.js\"></script>\\n\\","<script src=\"jsonp.utility2._stateInit?callback=window.utility2._stateInit\"></script>\\n\\","<script src=\"assets.npmtest_react_imageloader.rollup.js\"></script>\\n\\","<script src=\"assets.example.js\"></script>\\n\\","<script src=\"assets.test.js\"></script>\\n\\","<!-- utility2-comment\\n\\","{{/if isRollup}}\\n\\","utility2-comment -->\\n\\","<div class=\"utility2FooterDiv\">\\n\\","    [ this app was created with\\n\\","    <a href=\"https://github.com/kaizhu256/node-utility2\" target=\"_blank\">utility2</a>\\n\\","    ]\\n\\","</div>\\n\\","</body>\\n\\","</html>\\n\\","';","        /* jslint-ignore-end */","        if (local.templateRender) {","            local.assetsDict['/'] = local.templateRender(","                local.assetsDict['/assets.index.template.html'],","                {","                    env: local.objectSetDefault(local.env, {","                        npm_package_description: 'the greatest app in the world!',","                        npm_package_name: 'my-app',","                        npm_package_nameAlias: 'my_app',","                        npm_package_version: '0.0.1'","                    })","                }","            );","        } else {","            local.assetsDict['/'] = local.assetsDict['/assets.index.template.html']","                .replace((/\\{\\{env\\.(\\w+?)\\}\\}/g), function (match0, match1) {","                    // jslint-hack","                    String(match0);","                    switch (match1) {","                    case 'npm_package_description':","                        return 'the greatest app in the world!';","                    case 'npm_package_name':","                        return 'my-app';","                    case 'npm_package_nameAlias':","                        return 'my_app';","                    case 'npm_package_version':","                        return '0.0.1';","                    }","                });","        }","        // run the cli","        if (local.global.utility2_rollup || module !== require.main) {","            break;","        }","        local.assetsDict['/assets.example.js'] =","            local.assetsDict['/assets.example.js'] ||","            local.fs.readFileSync(__filename, 'utf8');","        // bug-workaround - long $npm_package_buildCustomOrg","        /* jslint-ignore-begin */","        local.assetsDict['/assets.npmtest_react_imageloader.rollup.js'] =","            local.assetsDict['/assets.npmtest_react_imageloader.rollup.js'] ||","            local.fs.readFileSync(","                local.npmtest_react_imageloader.__dirname + '/lib.npmtest_react_imageloader.js',","                'utf8'","            ).replace((/^#!/), '//');","        /* jslint-ignore-end */","        local.assetsDict['/favicon.ico'] = local.assetsDict['/favicon.ico'] || '';","        // if $npm_config_timeout_exit exists,","        // then exit this process after $npm_config_timeout_exit ms","        if (Number(process.env.npm_config_timeout_exit)) {","            setTimeout(process.exit, Number(process.env.npm_config_timeout_exit));","        }","        // start server","        if (local.global.utility2_serverHttp1) {","            break;","        }","        process.env.PORT = process.env.PORT || '8081';","        console.error('server starting on port ' + process.env.PORT);","        local.http.createServer(function (request, response) {","            request.urlParsed = local.url.parse(request.url);","            if (local.assetsDict[request.urlParsed.pathname] !== undefined) {","                response.end(local.assetsDict[request.urlParsed.pathname]);","                return;","            }","            response.statusCode = 404;","            response.end();","        }).listen(process.env.PORT);","        break;","    }","}());",""],"l":{"26":2,"28":2,"33":2,"35":2,"37":2,"38":2,"39":2,"44":1,"51":2,"55":2,"59":2,"61":2,"69":1,"70":2,"76":2,"79":2,"82":2,"83":2,"85":1,"89":2,"92":1,"93":1,"94":1,"96":1,"97":1,"100":1,"101":1,"103":1,"106":1,"108":2,"114":1,"116":1,"118":1,"123":1,"124":2,"125":2,"126":3,"127":3,"128":3,"129":3,"130":1,"133":3,"134":3,"139":3,"143":1,"144":3,"145":1,"149":1,"150":1,"158":1,"160":1,"161":1,"162":1,"164":1,"166":1,"258":1,"259":1,"271":1,"274":6,"275":6,"277":1,"279":2,"281":1,"283":2,"288":1,"289":1,"291":1,"296":1,"303":1,"306":1,"307":1,"310":1,"311":1,"313":1,"314":1,"315":1,"316":1,"317":1,"318":1,"319":1,"321":1,"322":1,"324":1}},"/home/travis/build/npmtest/node-npmtest-react-imageloader/node_modules/react-imageloader/lib/index.js":{"path":"/home/travis/build/npmtest/node-npmtest-react-imageloader/node_modules/react-imageloader/lib/index.js","s":{"1":1,"2":1,"3":1,"4":2,"5":13,"6":13,"7":13,"8":13,"9":13,"10":13,"11":1,"12":1,"13":1,"14":1,"15":1,"16":1,"17":1,"18":0,"19":0,"20":0,"21":0,"22":0,"23":0,"24":0,"25":0,"26":0,"27":0,"28":0,"29":0,"30":0,"31":0,"32":0,"33":0,"34":0,"35":0,"36":0,"37":0,"38":0,"39":0,"40":1,"41":1,"42":1,"43":0,"44":0,"45":1,"46":1,"47":0,"48":1,"49":1,"50":1,"51":1,"52":1,"53":1,"54":1,"55":1,"56":1,"57":1,"58":0,"59":0,"60":0,"61":1,"62":1,"63":0,"64":0,"65":0,"66":0,"67":0,"68":0,"69":0,"70":0,"71":0,"72":0,"73":0,"74":0,"75":0,"76":0,"77":0,"78":0,"79":0,"80":0,"81":0,"82":0,"83":0,"84":0,"85":0,"86":0,"87":0,"88":0,"89":0,"90":0,"91":0,"92":0,"93":0,"94":0,"95":0,"96":0,"97":0,"98":0,"99":0,"100":0,"101":0,"102":0,"103":0,"104":0,"105":0,"106":0,"107":0,"108":0,"109":0,"110":0,"111":0,"112":0,"113":0,"114":1,"115":1,"116":1},"b":{"1":[13,11],"2":[13,0],"3":[1,0],"4":[1,0],"5":[0,0],"6":[0,0],"7":[0,0],"8":[0,0],"9":[0,1],"10":[1,1],"11":[0,0],"12":[0,1],"13":[1,0],"14":[1,1],"15":[1,0],"16":[0,0],"17":[0,0],"18":[0,0],"19":[0,0],"20":[0,0],"21":[0,0],"22":[0,0],"23":[0,0],"24":[0,0],"25":[0,0],"26":[0,0],"27":[0,0],"28":[0,0,0],"29":[0,0],"30":[0,0]},"f":{"1":1,"2":2,"3":1,"4":0,"5":1,"6":0,"7":1,"8":1,"9":0,"10":0,"11":0,"12":0,"13":0,"14":0,"15":0,"16":0,"17":0,"18":0,"19":0,"20":0},"fnMap":{"1":{"name":"(anonymous_1)","line":7,"loc":{"start":{"line":7,"column":20},"end":{"line":7,"column":32}}},"2":{"name":"defineProperties","line":7,"loc":{"start":{"line":7,"column":34},"end":{"line":7,"column":75}}},"3":{"name":"(anonymous_3)","line":7,"loc":{"start":{"line":7,"column":358},"end":{"line":7,"column":406}}},"4":{"name":"get","line":9,"loc":{"start":{"line":9,"column":11},"end":{"line":9,"column":38}}},"5":{"name":"_interopRequireDefault","line":11,"loc":{"start":{"line":11,"column":0},"end":{"line":11,"column":37}}},"6":{"name":"_classCallCheck","line":13,"loc":{"start":{"line":13,"column":0},"end":{"line":13,"column":48}}},"7":{"name":"_inherits","line":15,"loc":{"start":{"line":15,"column":0},"end":{"line":15,"column":41}}},"8":{"name":"(anonymous_8)","line":31,"loc":{"start":{"line":31,"column":19},"end":{"line":31,"column":47}}},"9":{"name":"ImageLoader","line":32,"loc":{"start":{"line":32,"column":2},"end":{"line":32,"column":30}}},"10":{"name":"componentDidMount","line":43,"loc":{"start":{"line":43,"column":11},"end":{"line":43,"column":40}}},"11":{"name":"componentWillReceiveProps","line":50,"loc":{"start":{"line":50,"column":11},"end":{"line":50,"column":57}}},"12":{"name":"componentDidUpdate","line":59,"loc":{"start":{"line":59,"column":11},"end":{"line":59,"column":41}}},"13":{"name":"componentWillUnmount","line":66,"loc":{"start":{"line":66,"column":11},"end":{"line":66,"column":43}}},"14":{"name":"getClassName","line":71,"loc":{"start":{"line":71,"column":11},"end":{"line":71,"column":35}}},"15":{"name":"createLoader","line":78,"loc":{"start":{"line":78,"column":11},"end":{"line":78,"column":35}}},"16":{"name":"destroyLoader","line":88,"loc":{"start":{"line":88,"column":11},"end":{"line":88,"column":36}}},"17":{"name":"handleLoad","line":97,"loc":{"start":{"line":97,"column":11},"end":{"line":97,"column":38}}},"18":{"name":"handleError","line":105,"loc":{"start":{"line":105,"column":11},"end":{"line":105,"column":39}}},"19":{"name":"renderImg","line":113,"loc":{"start":{"line":113,"column":11},"end":{"line":113,"column":32}}},"20":{"name":"render","line":130,"loc":{"start":{"line":130,"column":11},"end":{"line":130,"column":29}}}},"statementMap":{"1":{"start":{"line":3,"column":0},"end":{"line":5,"column":3}},"2":{"start":{"line":7,"column":0},"end":{"line":7,"column":566}},"3":{"start":{"line":7,"column":34},"end":{"line":7,"column":350}},"4":{"start":{"line":7,"column":77},"end":{"line":7,"column":348}},"5":{"start":{"line":7,"column":118},"end":{"line":7,"column":144}},"6":{"start":{"line":7,"column":145},"end":{"line":7,"column":200}},"7":{"start":{"line":7,"column":201},"end":{"line":7,"column":232}},"8":{"start":{"line":7,"column":233},"end":{"line":7,"column":287}},"9":{"start":{"line":7,"column":260},"end":{"line":7,"column":287}},"10":{"start":{"line":7,"column":288},"end":{"line":7,"column":346}},"11":{"start":{"line":7,"column":351},"end":{"line":7,"column":560}},"12":{"start":{"line":7,"column":408},"end":{"line":7,"column":476}},"13":{"start":{"line":7,"column":424},"end":{"line":7,"column":476}},"14":{"start":{"line":7,"column":477},"end":{"line":7,"column":537}},"15":{"start":{"line":7,"column":494},"end":{"line":7,"column":537}},"16":{"start":{"line":7,"column":538},"end":{"line":7,"column":557}},"17":{"start":{"line":9,"column":0},"end":{"line":9,"column":617}},"18":{"start":{"line":9,"column":40},"end":{"line":9,"column":58}},"19":{"start":{"line":9,"column":59},"end":{"line":9,"column":614}},"20":{"start":{"line":9,"column":70},"end":{"line":9,"column":614}},"21":{"start":{"line":9,"column":87},"end":{"line":9,"column":135}},"22":{"start":{"line":9,"column":136},"end":{"line":9,"column":171}},"23":{"start":{"line":9,"column":172},"end":{"line":9,"column":187}},"24":{"start":{"line":9,"column":188},"end":{"line":9,"column":249}},"25":{"start":{"line":9,"column":250},"end":{"line":9,"column":612}},"26":{"start":{"line":9,"column":276},"end":{"line":9,"column":319}},"27":{"start":{"line":9,"column":320},"end":{"line":9,"column":451}},"28":{"start":{"line":9,"column":343},"end":{"line":9,"column":360}},"29":{"start":{"line":9,"column":370},"end":{"line":9,"column":382}},"30":{"start":{"line":9,"column":383},"end":{"line":9,"column":398}},"31":{"start":{"line":9,"column":399},"end":{"line":9,"column":414}},"32":{"start":{"line":9,"column":415},"end":{"line":9,"column":429}},"33":{"start":{"line":9,"column":430},"end":{"line":9,"column":449}},"34":{"start":{"line":9,"column":459},"end":{"line":9,"column":612}},"35":{"start":{"line":9,"column":482},"end":{"line":9,"column":500}},"36":{"start":{"line":9,"column":510},"end":{"line":9,"column":532}},"37":{"start":{"line":9,"column":533},"end":{"line":9,"column":580}},"38":{"start":{"line":9,"column":561},"end":{"line":9,"column":578}},"39":{"start":{"line":9,"column":581},"end":{"line":9,"column":610}},"40":{"start":{"line":11,"column":0},"end":{"line":11,"column":97}},"41":{"start":{"line":11,"column":39},"end":{"line":11,"column":95}},"42":{"start":{"line":13,"column":0},"end":{"line":13,"column":153}},"43":{"start":{"line":13,"column":50},"end":{"line":13,"column":151}},"44":{"start":{"line":13,"column":92},"end":{"line":13,"column":149}},"45":{"start":{"line":15,"column":0},"end":{"line":15,"column":424}},"46":{"start":{"line":15,"column":43},"end":{"line":15,"column":208}},"47":{"start":{"line":15,"column":106},"end":{"line":15,"column":206}},"48":{"start":{"line":15,"column":209},"end":{"line":15,"column":373}},"49":{"start":{"line":15,"column":374},"end":{"line":15,"column":422}},"50":{"start":{"line":15,"column":390},"end":{"line":15,"column":422}},"51":{"start":{"line":17,"column":0},"end":{"line":17,"column":30}},"52":{"start":{"line":19,"column":0},"end":{"line":19,"column":45}},"53":{"start":{"line":21,"column":0},"end":{"line":21,"column":45}},"54":{"start":{"line":22,"column":0},"end":{"line":22,"column":39}},"55":{"start":{"line":24,"column":0},"end":{"line":29,"column":2}},"56":{"start":{"line":31,"column":0},"end":{"line":181,"column":33}},"57":{"start":{"line":32,"column":2},"end":{"line":37,"column":3}},"58":{"start":{"line":33,"column":4},"end":{"line":33,"column":39}},"59":{"start":{"line":35,"column":4},"end":{"line":35,"column":94}},"60":{"start":{"line":36,"column":4},"end":{"line":36,"column":73}},"61":{"start":{"line":39,"column":2},"end":{"line":39,"column":43}},"62":{"start":{"line":41,"column":2},"end":{"line":178,"column":6}},"63":{"start":{"line":44,"column":6},"end":{"line":46,"column":7}},"64":{"start":{"line":45,"column":8},"end":{"line":45,"column":28}},"65":{"start":{"line":51,"column":6},"end":{"line":55,"column":7}},"66":{"start":{"line":52,"column":8},"end":{"line":54,"column":11}},"67":{"start":{"line":60,"column":6},"end":{"line":62,"column":7}},"68":{"start":{"line":61,"column":8},"end":{"line":61,"column":28}},"69":{"start":{"line":67,"column":6},"end":{"line":67,"column":27}},"70":{"start":{"line":72,"column":6},"end":{"line":72,"column":57}},"71":{"start":{"line":73,"column":6},"end":{"line":73,"column":88}},"72":{"start":{"line":73,"column":32},"end":{"line":73,"column":88}},"73":{"start":{"line":74,"column":6},"end":{"line":74,"column":23}},"74":{"start":{"line":79,"column":6},"end":{"line":79,"column":27}},"75":{"start":{"line":81,"column":6},"end":{"line":81,"column":29}},"76":{"start":{"line":82,"column":6},"end":{"line":82,"column":51}},"77":{"start":{"line":83,"column":6},"end":{"line":83,"column":53}},"78":{"start":{"line":84,"column":6},"end":{"line":84,"column":36}},"79":{"start":{"line":89,"column":6},"end":{"line":93,"column":7}},"80":{"start":{"line":90,"column":8},"end":{"line":90,"column":31}},"81":{"start":{"line":91,"column":8},"end":{"line":91,"column":32}},"82":{"start":{"line":92,"column":8},"end":{"line":92,"column":24}},"83":{"start":{"line":98,"column":6},"end":{"line":98,"column":27}},"84":{"start":{"line":99,"column":6},"end":{"line":99,"column":47}},"85":{"start":{"line":101,"column":6},"end":{"line":101,"column":54}},"86":{"start":{"line":101,"column":29},"end":{"line":101,"column":54}},"87":{"start":{"line":106,"column":6},"end":{"line":106,"column":27}},"88":{"start":{"line":107,"column":6},"end":{"line":107,"column":47}},"89":{"start":{"line":109,"column":6},"end":{"line":109,"column":56}},"90":{"start":{"line":109,"column":30},"end":{"line":109,"column":56}},"91":{"start":{"line":114,"column":6},"end":{"line":114,"column":31}},"92":{"start":{"line":115,"column":6},"end":{"line":115,"column":28}},"93":{"start":{"line":116,"column":6},"end":{"line":116,"column":38}},"94":{"start":{"line":118,"column":6},"end":{"line":118,"column":31}},"95":{"start":{"line":120,"column":6},"end":{"line":124,"column":7}},"96":{"start":{"line":121,"column":8},"end":{"line":123,"column":9}},"97":{"start":{"line":122,"column":10},"end":{"line":122,"column":33}},"98":{"start":{"line":126,"column":6},"end":{"line":126,"column":60}},"99":{"start":{"line":131,"column":6},"end":{"line":131,"column":17}},"100":{"start":{"line":133,"column":6},"end":{"line":135,"column":8}},"101":{"start":{"line":137,"column":6},"end":{"line":139,"column":7}},"102":{"start":{"line":138,"column":8},"end":{"line":138,"column":46}},"103":{"start":{"line":141,"column":6},"end":{"line":141,"column":39}},"104":{"start":{"line":143,"column":6},"end":{"line":155,"column":7}},"105":{"start":{"line":145,"column":10},"end":{"line":145,"column":45}},"106":{"start":{"line":146,"column":10},"end":{"line":146,"column":16}},"107":{"start":{"line":149,"column":10},"end":{"line":149,"column":73}},"108":{"start":{"line":149,"column":35},"end":{"line":149,"column":73}},"109":{"start":{"line":150,"column":10},"end":{"line":150,"column":16}},"110":{"start":{"line":153,"column":10},"end":{"line":153,"column":77}},"111":{"start":{"line":153,"column":36},"end":{"line":153,"column":77}},"112":{"start":{"line":154,"column":10},"end":{"line":154,"column":16}},"113":{"start":{"line":157,"column":6},"end":{"line":157,"column":70}},"114":{"start":{"line":180,"column":2},"end":{"line":180,"column":21}},"115":{"start":{"line":183,"column":0},"end":{"line":183,"column":33}},"116":{"start":{"line":184,"column":0},"end":{"line":184,"column":36}}},"branchMap":{"1":{"line":7,"type":"binary-expr","locations":[{"start":{"line":7,"column":169},"end":{"line":7,"column":190}},{"start":{"line":7,"column":194},"end":{"line":7,"column":199}}]},"2":{"line":7,"type":"if","locations":[{"start":{"line":7,"column":233},"end":{"line":7,"column":233}},{"start":{"line":7,"column":233},"end":{"line":7,"column":233}}]},"3":{"line":7,"type":"if","locations":[{"start":{"line":7,"column":408},"end":{"line":7,"column":408}},{"start":{"line":7,"column":408},"end":{"line":7,"column":408}}]},"4":{"line":7,"type":"if","locations":[{"start":{"line":7,"column":477},"end":{"line":7,"column":477}},{"start":{"line":7,"column":477},"end":{"line":7,"column":477}}]},"5":{"line":9,"type":"if","locations":[{"start":{"line":9,"column":250},"end":{"line":9,"column":250}},{"start":{"line":9,"column":250},"end":{"line":9,"column":250}}]},"6":{"line":9,"type":"if","locations":[{"start":{"line":9,"column":320},"end":{"line":9,"column":320}},{"start":{"line":9,"column":320},"end":{"line":9,"column":320}}]},"7":{"line":9,"type":"if","locations":[{"start":{"line":9,"column":459},"end":{"line":9,"column":459}},{"start":{"line":9,"column":459},"end":{"line":9,"column":459}}]},"8":{"line":9,"type":"if","locations":[{"start":{"line":9,"column":533},"end":{"line":9,"column":533}},{"start":{"line":9,"column":533},"end":{"line":9,"column":533}}]},"9":{"line":11,"type":"cond-expr","locations":[{"start":{"line":11,"column":70},"end":{"line":11,"column":73}},{"start":{"line":11,"column":76},"end":{"line":11,"column":94}}]},"10":{"line":11,"type":"binary-expr","locations":[{"start":{"line":11,"column":46},"end":{"line":11,"column":49}},{"start":{"line":11,"column":53},"end":{"line":11,"column":67}}]},"11":{"line":13,"type":"if","locations":[{"start":{"line":13,"column":50},"end":{"line":13,"column":50}},{"start":{"line":13,"column":50},"end":{"line":13,"column":50}}]},"12":{"line":15,"type":"if","locations":[{"start":{"line":15,"column":43},"end":{"line":15,"column":43}},{"start":{"line":15,"column":43},"end":{"line":15,"column":43}}]},"13":{"line":15,"type":"binary-expr","locations":[{"start":{"line":15,"column":47},"end":{"line":15,"column":79}},{"start":{"line":15,"column":83},"end":{"line":15,"column":102}}]},"14":{"line":15,"type":"binary-expr","locations":[{"start":{"line":15,"column":244},"end":{"line":15,"column":254}},{"start":{"line":15,"column":258},"end":{"line":15,"column":278}}]},"15":{"line":15,"type":"if","locations":[{"start":{"line":15,"column":374},"end":{"line":15,"column":374}},{"start":{"line":15,"column":374},"end":{"line":15,"column":374}}]},"16":{"line":36,"type":"cond-expr","locations":[{"start":{"line":36,"column":39},"end":{"line":36,"column":53}},{"start":{"line":36,"column":56},"end":{"line":36,"column":70}}]},"17":{"line":44,"type":"if","locations":[{"start":{"line":44,"column":6},"end":{"line":44,"column":6}},{"start":{"line":44,"column":6},"end":{"line":44,"column":6}}]},"18":{"line":51,"type":"if","locations":[{"start":{"line":51,"column":6},"end":{"line":51,"column":6}},{"start":{"line":51,"column":6},"end":{"line":51,"column":6}}]},"19":{"line":53,"type":"cond-expr","locations":[{"start":{"line":53,"column":34},"end":{"line":53,"column":48}},{"start":{"line":53,"column":51},"end":{"line":53,"column":65}}]},"20":{"line":60,"type":"if","locations":[{"start":{"line":60,"column":6},"end":{"line":60,"column":6}},{"start":{"line":60,"column":6},"end":{"line":60,"column":6}}]},"21":{"line":60,"type":"binary-expr","locations":[{"start":{"line":60,"column":10},"end":{"line":60,"column":46}},{"start":{"line":60,"column":50},"end":{"line":60,"column":59}}]},"22":{"line":73,"type":"if","locations":[{"start":{"line":73,"column":6},"end":{"line":73,"column":6}},{"start":{"line":73,"column":6},"end":{"line":73,"column":6}}]},"23":{"line":89,"type":"if","locations":[{"start":{"line":89,"column":6},"end":{"line":89,"column":6}},{"start":{"line":89,"column":6},"end":{"line":89,"column":6}}]},"24":{"line":101,"type":"if","locations":[{"start":{"line":101,"column":6},"end":{"line":101,"column":6}},{"start":{"line":101,"column":6},"end":{"line":101,"column":6}}]},"25":{"line":109,"type":"if","locations":[{"start":{"line":109,"column":6},"end":{"line":109,"column":6}},{"start":{"line":109,"column":6},"end":{"line":109,"column":6}}]},"26":{"line":121,"type":"if","locations":[{"start":{"line":121,"column":8},"end":{"line":121,"column":8}},{"start":{"line":121,"column":8},"end":{"line":121,"column":8}}]},"27":{"line":137,"type":"if","locations":[{"start":{"line":137,"column":6},"end":{"line":137,"column":6}},{"start":{"line":137,"column":6},"end":{"line":137,"column":6}}]},"28":{"line":143,"type":"switch","locations":[{"start":{"line":144,"column":8},"end":{"line":146,"column":16}},{"start":{"line":148,"column":8},"end":{"line":150,"column":16}},{"start":{"line":152,"column":8},"end":{"line":154,"column":16}}]},"29":{"line":149,"type":"if","locations":[{"start":{"line":149,"column":10},"end":{"line":149,"column":10}},{"start":{"line":149,"column":10},"end":{"line":149,"column":10}}]},"30":{"line":153,"type":"if","locations":[{"start":{"line":153,"column":10},"end":{"line":153,"column":10}},{"start":{"line":153,"column":10},"end":{"line":153,"column":10}}]}},"code":["'use strict';","","Object.defineProperty(exports, '__esModule', {","  value: true","});","","var _createClass = (function () { function defineProperties(target, props) { for (var i = 0; i < props.length; i++) { var descriptor = props[i]; descriptor.enumerable = descriptor.enumerable || false; descriptor.configurable = true; if ('value' in descriptor) descriptor.writable = true; Object.defineProperty(target, descriptor.key, descriptor); } } return function (Constructor, protoProps, staticProps) { if (protoProps) defineProperties(Constructor.prototype, protoProps); if (staticProps) defineProperties(Constructor, staticProps); return Constructor; }; })();","","var _get = function get(_x, _x2, _x3) { var _again = true; _function: while (_again) { var object = _x, property = _x2, receiver = _x3; desc = parent = getter = undefined; _again = false; var desc = Object.getOwnPropertyDescriptor(object, property); if (desc === undefined) { var parent = Object.getPrototypeOf(object); if (parent === null) { return undefined; } else { _x = parent; _x2 = property; _x3 = receiver; _again = true; continue _function; } } else if ('value' in desc) { return desc.value; } else { var getter = desc.get; if (getter === undefined) { return undefined; } return getter.call(receiver); } } };","","function _interopRequireDefault(obj) { return obj && obj.__esModule ? obj : { 'default': obj }; }","","function _classCallCheck(instance, Constructor) { if (!(instance instanceof Constructor)) { throw new TypeError('Cannot call a class as a function'); } }","","function _inherits(subClass, superClass) { if (typeof superClass !== 'function' && superClass !== null) { throw new TypeError('Super expression must either be null or a function, not ' + typeof superClass); } subClass.prototype = Object.create(superClass && superClass.prototype, { constructor: { value: subClass, enumerable: false, writable: true, configurable: true } }); if (superClass) subClass.__proto__ = superClass; }","","var _react = require('react');","","var _react2 = _interopRequireDefault(_react);","","var PropTypes = _react2['default'].PropTypes;","var span = _react2['default'].DOM.span;","","var Status = {","  PENDING: 'pending',","  LOADING: 'loading',","  LOADED: 'loaded',","  FAILED: 'failed'","};","","var ImageLoader = (function (_React$Component) {","  function ImageLoader(props) {","    _classCallCheck(this, ImageLoader);","","    _get(Object.getPrototypeOf(ImageLoader.prototype), 'constructor', this).call(this, props);","    this.state = { status: props.src ? Status.LOADING : Status.PENDING };","  }","","  _inherits(ImageLoader, _React$Component);","","  _createClass(ImageLoader, [{","    key: 'componentDidMount',","    value: function componentDidMount() {","      if (this.state.status === Status.LOADING) {","        this.createLoader();","      }","    }","  }, {","    key: 'componentWillReceiveProps',","    value: function componentWillReceiveProps(nextProps) {","      if (this.props.src !== nextProps.src) {","        this.setState({","          status: nextProps.src ? Status.LOADING : Status.PENDING","        });","      }","    }","  }, {","    key: 'componentDidUpdate',","    value: function componentDidUpdate() {","      if (this.state.status === Status.LOADING && !this.img) {","        this.createLoader();","      }","    }","  }, {","    key: 'componentWillUnmount',","    value: function componentWillUnmount() {","      this.destroyLoader();","    }","  }, {","    key: 'getClassName',","    value: function getClassName() {","      var className = 'imageloader ' + this.state.status;","      if (this.props.className) className = '' + className + ' ' + this.props.className;","      return className;","    }","  }, {","    key: 'createLoader',","    value: function createLoader() {","      this.destroyLoader(); // We can only have one loader at a time.","","      this.img = new Image();","      this.img.onload = this.handleLoad.bind(this);","      this.img.onerror = this.handleError.bind(this);","      this.img.src = this.props.src;","    }","  }, {","    key: 'destroyLoader',","    value: function destroyLoader() {","      if (this.img) {","        this.img.onload = null;","        this.img.onerror = null;","        this.img = null;","      }","    }","  }, {","    key: 'handleLoad',","    value: function handleLoad(event) {","      this.destroyLoader();","      this.setState({ status: Status.LOADED });","","      if (this.props.onLoad) this.props.onLoad(event);","    }","  }, {","    key: 'handleError',","    value: function handleError(error) {","      this.destroyLoader();","      this.setState({ status: Status.FAILED });","","      if (this.props.onError) this.props.onError(error);","    }","  }, {","    key: 'renderImg',","    value: function renderImg() {","      var _props2 = this.props;","      var src = _props2.src;","      var imgProps = _props2.imgProps;","","      var props = { src: src };","","      for (var k in imgProps) {","        if (imgProps.hasOwnProperty(k)) {","          props[k] = imgProps[k];","        }","      }","","      return _react2['default'].createElement('img', props);","    }","  }, {","    key: 'render',","    value: function render() {","      var _props;","","      var wrapperProps = {","        className: this.getClassName()","      };","","      if (this.props.style) {","        wrapperProps.style = this.props.style;","      }","","      var wrapperArgs = [wrapperProps];","","      switch (this.state.status) {","        case Status.LOADED:","          wrapperArgs.push(this.renderImg());","          break;","","        case Status.FAILED:","          if (this.props.children) wrapperArgs.push(this.props.children);","          break;","","        default:","          if (this.props.preloader) wrapperArgs.push(this.props.preloader());","          break;","      }","","      return (_props = this.props).wrapper.apply(_props, wrapperArgs);","    }","  }], [{","    key: 'propTypes',","    value: {","      wrapper: PropTypes.func,","      className: PropTypes.string,","      style: PropTypes.object,","      preloader: PropTypes.func,","      src: PropTypes.string,","      onLoad: PropTypes.func,","      onError: PropTypes.func,","      imgProps: PropTypes.object","    },","    enumerable: true","  }, {","    key: 'defaultProps',","    value: {","      wrapper: span","    },","    enumerable: true","  }]);","","  return ImageLoader;","})(_react2['default'].Component);","","exports['default'] = ImageLoader;","module.exports = exports['default'];"],"l":{"3":1,"7":13,"9":1,"11":1,"13":1,"15":1,"17":1,"19":1,"21":1,"22":1,"24":1,"31":1,"32":1,"33":0,"35":0,"36":0,"39":1,"41":1,"44":0,"45":0,"51":0,"52":0,"60":0,"61":0,"67":0,"72":0,"73":0,"74":0,"79":0,"81":0,"82":0,"83":0,"84":0,"89":0,"90":0,"91":0,"92":0,"98":0,"99":0,"101":0,"106":0,"107":0,"109":0,"114":0,"115":0,"116":0,"118":0,"120":0,"121":0,"122":0,"126":0,"131":0,"133":0,"137":0,"138":0,"141":0,"143":0,"145":0,"146":0,"149":0,"150":0,"153":0,"154":0,"157":0,"180":1,"183":1,"184":1}},"/home/travis/build/npmtest/node-npmtest-react-imageloader/node_modules/react-imageloader/lib/_new.js":{"path":"/home/travis/build/npmtest/node-npmtest-react-imageloader/node_modules/react-imageloader/lib/_new.js","s":{"1":1,"2":1,"3":1,"4":2,"5":13,"6":13,"7":13,"8":13,"9":13,"10":13,"11":1,"12":1,"13":1,"14":1,"15":1,"16":1,"17":1,"18":0,"19":0,"20":0,"21":0,"22":0,"23":0,"24":0,"25":0,"26":0,"27":0,"28":0,"29":0,"30":0,"31":0,"32":0,"33":0,"34":0,"35":0,"36":0,"37":0,"38":0,"39":0,"40":1,"41":1,"42":1,"43":0,"44":0,"45":1,"46":1,"47":0,"48":1,"49":1,"50":1,"51":1,"52":1,"53":1,"54":1,"55":1,"56":1,"57":1,"58":0,"59":0,"60":0,"61":1,"62":1,"63":0,"64":0,"65":0,"66":0,"67":0,"68":0,"69":0,"70":0,"71":0,"72":0,"73":0,"74":0,"75":0,"76":0,"77":0,"78":0,"79":0,"80":0,"81":0,"82":0,"83":0,"84":0,"85":0,"86":0,"87":0,"88":0,"89":0,"90":0,"91":0,"92":0,"93":0,"94":0,"95":0,"96":0,"97":0,"98":0,"99":0,"100":0,"101":0,"102":0,"103":0,"104":0,"105":0,"106":0,"107":0,"108":0,"109":0,"110":0,"111":0,"112":1,"113":1,"114":1},"b":{"1":[13,11],"2":[13,0],"3":[1,0],"4":[1,0],"5":[0,0],"6":[0,0],"7":[0,0],"8":[0,0],"9":[0,1],"10":[1,1],"11":[0,0],"12":[0,1],"13":[1,0],"14":[1,1],"15":[1,0],"16":[0,0],"17":[0,0],"18":[0,0],"19":[0,0],"20":[0,0],"21":[0,0],"22":[0,0],"23":[0,0],"24":[0,0],"25":[0,0],"26":[0,0],"27":[0,0],"28":[0,0,0],"29":[0,0],"30":[0,0]},"f":{"1":1,"2":2,"3":1,"4":0,"5":1,"6":0,"7":1,"8":1,"9":0,"10":0,"11":0,"12":0,"13":0,"14":0,"15":0,"16":0,"17":0,"18":0,"19":0,"20":0},"fnMap":{"1":{"name":"(anonymous_1)","line":7,"loc":{"start":{"line":7,"column":20},"end":{"line":7,"column":32}}},"2":{"name":"defineProperties","line":7,"loc":{"start":{"line":7,"column":34},"end":{"line":7,"column":75}}},"3":{"name":"(anonymous_3)","line":7,"loc":{"start":{"line":7,"column":358},"end":{"line":7,"column":406}}},"4":{"name":"get","line":9,"loc":{"start":{"line":9,"column":11},"end":{"line":9,"column":38}}},"5":{"name":"_interopRequireDefault","line":11,"loc":{"start":{"line":11,"column":0},"end":{"line":11,"column":37}}},"6":{"name":"_classCallCheck","line":13,"loc":{"start":{"line":13,"column":0},"end":{"line":13,"column":48}}},"7":{"name":"_inherits","line":15,"loc":{"start":{"line":15,"column":0},"end":{"line":15,"column":41}}},"8":{"name":"(anonymous_8)","line":31,"loc":{"start":{"line":31,"column":19},"end":{"line":31,"column":47}}},"9":{"name":"ImageLoader","line":32,"loc":{"start":{"line":32,"column":2},"end":{"line":32,"column":30}}},"10":{"name":"componentDidMount","line":43,"loc":{"start":{"line":43,"column":11},"end":{"line":43,"column":40}}},"11":{"name":"componentWillReceiveProps","line":50,"loc":{"start":{"line":50,"column":11},"end":{"line":50,"column":57}}},"12":{"name":"componentDidUpdate","line":59,"loc":{"start":{"line":59,"column":11},"end":{"line":59,"column":41}}},"13":{"name":"componentWillUnmount","line":66,"loc":{"start":{"line":66,"column":11},"end":{"line":66,"column":43}}},"14":{"name":"getClassName","line":71,"loc":{"start":{"line":71,"column":11},"end":{"line":71,"column":35}}},"15":{"name":"createLoader","line":78,"loc":{"start":{"line":78,"column":11},"end":{"line":78,"column":35}}},"16":{"name":"destroyLoader","line":88,"loc":{"start":{"line":88,"column":11},"end":{"line":88,"column":36}}},"17":{"name":"handleLoad","line":97,"loc":{"start":{"line":97,"column":11},"end":{"line":97,"column":38}}},"18":{"name":"handleError","line":105,"loc":{"start":{"line":105,"column":11},"end":{"line":105,"column":39}}},"19":{"name":"renderImg","line":113,"loc":{"start":{"line":113,"column":11},"end":{"line":113,"column":32}}},"20":{"name":"render","line":128,"loc":{"start":{"line":128,"column":11},"end":{"line":128,"column":29}}}},"statementMap":{"1":{"start":{"line":3,"column":0},"end":{"line":5,"column":3}},"2":{"start":{"line":7,"column":0},"end":{"line":7,"column":566}},"3":{"start":{"line":7,"column":34},"end":{"line":7,"column":350}},"4":{"start":{"line":7,"column":77},"end":{"line":7,"column":348}},"5":{"start":{"line":7,"column":118},"end":{"line":7,"column":144}},"6":{"start":{"line":7,"column":145},"end":{"line":7,"column":200}},"7":{"start":{"line":7,"column":201},"end":{"line":7,"column":232}},"8":{"start":{"line":7,"column":233},"end":{"line":7,"column":287}},"9":{"start":{"line":7,"column":260},"end":{"line":7,"column":287}},"10":{"start":{"line":7,"column":288},"end":{"line":7,"column":346}},"11":{"start":{"line":7,"column":351},"end":{"line":7,"column":560}},"12":{"start":{"line":7,"column":408},"end":{"line":7,"column":476}},"13":{"start":{"line":7,"column":424},"end":{"line":7,"column":476}},"14":{"start":{"line":7,"column":477},"end":{"line":7,"column":537}},"15":{"start":{"line":7,"column":494},"end":{"line":7,"column":537}},"16":{"start":{"line":7,"column":538},"end":{"line":7,"column":557}},"17":{"start":{"line":9,"column":0},"end":{"line":9,"column":617}},"18":{"start":{"line":9,"column":40},"end":{"line":9,"column":58}},"19":{"start":{"line":9,"column":59},"end":{"line":9,"column":614}},"20":{"start":{"line":9,"column":70},"end":{"line":9,"column":614}},"21":{"start":{"line":9,"column":87},"end":{"line":9,"column":135}},"22":{"start":{"line":9,"column":136},"end":{"line":9,"column":171}},"23":{"start":{"line":9,"column":172},"end":{"line":9,"column":187}},"24":{"start":{"line":9,"column":188},"end":{"line":9,"column":249}},"25":{"start":{"line":9,"column":250},"end":{"line":9,"column":612}},"26":{"start":{"line":9,"column":276},"end":{"line":9,"column":319}},"27":{"start":{"line":9,"column":320},"end":{"line":9,"column":451}},"28":{"start":{"line":9,"column":343},"end":{"line":9,"column":360}},"29":{"start":{"line":9,"column":370},"end":{"line":9,"column":382}},"30":{"start":{"line":9,"column":383},"end
[...]
":1,"17":1,"18":1,"19":0,"20":1,"21":0,"22":1,"23":0,"24":1,"25":1,"26":1,"27":0,"28":0,"29":0,"30":0,"31":0,"32":0,"33":0,"34":0,"35":0,"36":0,"37":0,"38":0,"39":0,"40":0,"41":0,"42":0,"43":0,"44":0,"45":0,"46":0,"47":0,"48":0,"49":0,"50":1,"51":0,"52":1,"53":0,"54":0,"55":0,"56":0,"57":0,"58":0,"59":0,"60":0,"61":0,"62":0,"63":0,"64":0,"65":0,"66":0,"67":0,"68":0,"69":0,"70":0,"71":0,"72":0,"73":0,"74":0,"75":0,"76":0,"77":0,"78":1,"79":1},"b":{"1":[0,1],"2":[1,1],"3":[0,0],"4":[0,0],"5":[0,0],"6":[1,0],"7":[0,0],"8":[0,0],"9":[0,0],"10":[0,0],"11":[0,0],"12":[0,0],"13":[0,0],"14":[0,0],"15":[0,0],"16":[0,0],"17":[0,0],"18":[0,0],"19":[0,0],"20":[0,0,0],"21":[0,0]},"f":{"1":1,"2":0,"3":0,"4":0,"5":0,"6":1,"7":0,"8":0,"9":0,"10":0,"11":0,"12":0,"13":0,"14":1,"15":0,"16":0,"17":0,"18":0,"19":0,"20":0,"21":0},"fnMap":{"1":{"name":"_interopRequireDefault","line":7,"loc":{"start":{"line":7,"column":0},"end":{"line":7,"column":37}}},"2":{"name":"_toConsumableArray","line":9,"loc":{"start":{"line":9,"column":0},"end":{"line":9,"column":33}}},"3":{"name":"hasSize","line":28,"loc":{"start":{"line":28,"column":0},"end":{"line":28,"column":20}}},"4":{"name":"renderToStaticMarkup","line":32,"loc":{"start":{"line":32,"column":0},"end":{"line":32,"column":34}}},"5":{"name":"id","line":36,"loc":{"start":{"line":36,"column":9},"end":{"line":36,"column":24}}},"6":{"name":"createFactory","line":40,"loc":{"start":{"line":40,"column":20},"end":{"line":40,"column":48}}},"7":{"name":"getInitialState","line":47,"loc":{"start":{"line":47,"column":19},"end":{"line":47,"column":46}}},"8":{"name":"componentDidMount","line":65,"loc":{"start":{"line":65,"column":21},"end":{"line":65,"column":50}}},"9":{"name":"handleLoad","line":70,"loc":{"start":{"line":70,"column":14},"end":{"line":70,"column":36}}},"10":{"name":"handleError","line":87,"loc":{"start":{"line":87,"column":15},"end":{"line":87,"column":38}}},"11":{"name":"renderImg","line":97,"loc":{"start":{"line":97,"column":13},"end":{"line":97,"column":34}}},"12":{"name":"render","line":106,"loc":{"start":{"line":106,"column":10},"end":{"line":106,"column":28}}},"13":{"name":"getInitialState","line":140,"loc":{"start":{"line":140,"column":19},"end":{"line":140,"column":46}}},"14":{"name":"getDefaultProps","line":144,"loc":{"start":{"line":144,"column":19},"end":{"line":144,"column":46}}},"15":{"name":"componentWillReceiveProps","line":151,"loc":{"start":{"line":151,"column":29},"end":{"line":151,"column":75}}},"16":{"name":"getClassName","line":159,"loc":{"start":{"line":159,"column":16},"end":{"line":159,"column":40}}},"17":{"name":"getImgProps","line":165,"loc":{"start":{"line":165,"column":15},"end":{"line":165,"column":38}}},"18":{"name":"loaderDidLoad","line":177,"loc":{"start":{"line":177,"column":17},"end":{"line":177,"column":42}}},"19":{"name":"loaderDidError","line":181,"loc":{"start":{"line":181,"column":18},"end":{"line":181,"column":44}}},"20":{"name":"renderChildren","line":185,"loc":{"start":{"line":185,"column":18},"end":{"line":185,"column":44}}},"21":{"name":"render","line":190,"loc":{"start":{"line":190,"column":10},"end":{"line":190,"column":28}}}},"statementMap":{"1":{"start":{"line":3,"column":0},"end":{"line":5,"column":3}},"2":{"start":{"line":7,"column":0},"end":{"line":7,"column":97}},"3":{"start":{"line":7,"column":39},"end":{"line":7,"column":95}},"4":{"start":{"line":9,"column":0},"end":{"line":9,"column":191}},"5":{"start":{"line":9,"column":35},"end":{"line":9,"column":189}},"6":{"start":{"line":9,"column":61},"end":{"line":9,"column":141}},"7":{"start":{"line":9,"column":124},"end":{"line":9,"column":141}},"8":{"start":{"line":9,"column":142},"end":{"line":9,"column":154}},"9":{"start":{"line":9,"column":164},"end":{"line":9,"column":187}},"10":{"start":{"line":11,"column":0},"end":{"line":11,"column":30}},"11":{"start":{"line":13,"column":0},"end":{"line":13,"column":45}},"12":{"start":{"line":15,"column":0},"end":{"line":15,"column":45}},"13":{"start":{"line":16,"column":0},"end":{"line":16,"column":40}},"14":{"start":{"line":17,"column":0},"end":{"line":17,"column":27}},"15":{"start":{"line":18,"column":0},"end":{"line":18,"column":25}},"16":{"start":{"line":19,"column":0},"end":{"line":19,"column":35}},"17":{"start":{"line":21,"column":0},"end":{"line":26,"column":2}},"18":{"start":{"line":28,"column":0},"end":{"line":30,"column":1}},"19":{"start":{"line":29,"column":2},"end":{"line":29,"column":76}},"20":{"start":{"line":32,"column":0},"end":{"line":34,"column":1}},"21":{"start":{"line":33,"column":2},"end":{"line":33,"column":107}},"22":{"start":{"line":36,"column":0},"end":{"line":38,"column":2}},"23":{"start":{"line":37,"column":2},"end":{"line":37,"column":11}},"24":{"start":{"line":40,"column":0},"end":{"line":42,"column":2}},"25":{"start":{"line":41,"column":2},"end":{"line":41,"column":55}},"26":{"start":{"line":44,"column":0},"end":{"line":128,"column":4}},"27":{"start":{"line":62,"column":4},"end":{"line":62,"column":37}},"28":{"start":{"line":67,"column":4},"end":{"line":67,"column":46}},"29":{"start":{"line":71,"column":4},"end":{"line":73,"column":5}},"30":{"start":{"line":72,"column":6},"end":{"line":72,"column":35}},"31":{"start":{"line":75,"column":4},"end":{"line":75,"column":34}},"32":{"start":{"line":75,"column":27},"end":{"line":75,"column":34}},"33":{"start":{"line":76,"column":4},"end":{"line":76,"column":32}},"34":{"start":{"line":78,"column":4},"end":{"line":84,"column":5}},"35":{"start":{"line":79,"column":6},"end":{"line":79,"column":84}},"36":{"start":{"line":80,"column":11},"end":{"line":84,"column":5}},"37":{"start":{"line":81,"column":6},"end":{"line":81,"column":17}},"38":{"start":{"line":83,"column":6},"end":{"line":83,"column":55}},"39":{"start":{"line":88,"column":4},"end":{"line":88,"column":16}},"40":{"start":{"line":90,"column":4},"end":{"line":92,"column":5}},"41":{"start":{"line":91,"column":6},"end":{"line":91,"column":37}},"42":{"start":{"line":94,"column":4},"end":{"line":94,"column":80}},"43":{"start":{"line":94,"column":28},"end":{"line":94,"column":80}},"44":{"start":{"line":98,"column":4},"end":{"line":102,"column":7}},"45":{"start":{"line":103,"column":4},"end":{"line":103,"column":58}},"46":{"start":{"line":107,"column":4},"end":{"line":126,"column":5}},"47":{"start":{"line":116,"column":6},"end":{"line":120,"column":9}},"48":{"start":{"line":121,"column":6},"end":{"line":123,"column":53}},"49":{"start":{"line":125,"column":6},"end":{"line":125,"column":30}},"50":{"start":{"line":130,"column":0},"end":{"line":205,"column":3}},"51":{"start":{"line":141,"column":4},"end":{"line":141,"column":38}},"52":{"start":{"line":145,"column":4},"end":{"line":148,"column":6}},"53":{"start":{"line":152,"column":4},"end":{"line":156,"column":5}},"54":{"start":{"line":153,"column":6},"end":{"line":155,"column":9}},"55":{"start":{"line":160,"column":4},"end":{"line":160,"column":55}},"56":{"start":{"line":161,"column":4},"end":{"line":161,"column":86}},"57":{"start":{"line":161,"column":30},"end":{"line":161,"column":86}},"58":{"start":{"line":162,"column":4},"end":{"line":162,"column":21}},"59":{"start":{"line":166,"column":4},"end":{"line":170,"column":7}},"60":{"start":{"line":171,"column":4},"end":{"line":171,"column":25}},"61":{"start":{"line":172,"column":4},"end":{"line":172,"column":27}},"62":{"start":{"line":173,"column":4},"end":{"line":173,"column":26}},"63":{"start":{"line":174,"column":4},"end":{"line":174,"column":17}},"64":{"start":{"line":178,"column":4},"end":{"line":178,"column":45}},"65":{"start":{"line":182,"column":4},"end":{"line":182,"column":45}},"66":{"start":{"line":186,"column":4},"end":{"line":186,"column":79}},"67":{"start":{"line":186,"column":44},"end":{"line":186,"column":79}},"68":{"start":{"line":187,"column":4},"end":{"line":187,"column":33}},"69":{"start":{"line":191,"column":4},"end":{"line":191,"column":16}},"70":{"start":{"line":193,"column":4},"end":{"line":193,"column":59}},"71":{"start":{"line":194,"column":4},"end":{"line":196,"column":5}},"72":{"start":{"line":195,"column":6},"end":{"line":195,"column":78}},"73":{"start":{"line":197,"column":4},"end":{"line":199,"column":5}},"74":{"start":{"line":198,"column":6},"end":{"line":198,"column":47}},"75":{"start":{"line":200,"column":4},"end":{"line":202,"column":5}},"76":{"start":{"line":201,"column":6},"end":{"line":201,"column":62}},"77":{"start":{"line":203,"column":4},"end":{"line":203,"column":90}},"78":{"start":{"line":207,"column":0},"end":{"line":207,"column":33}},"79":{"start":{"line":208,"column":0},"end":{"line":208,"column":36}}},"branchMap":{"1":{"line":7,"type":"cond-expr","locations":[{"start":{"line":7,"column":70},"end":{"line":7,"column":73}},{"start":{"line":7,"column":76},"end":{"line":7,"column":94}}]},"2":{"line":7,"type":"binary-expr","locations":[{"start":{"line":7,"column":46},"end":{"line":7,"column":49}},{"start":{"line":7,"column":53},"end":{"line":7,"column":67}}]},"3":{"line":9,"type":"if","locations":[{"start":{"line":9,"column":35},"end":{"line":9,"column":35}},{"start":{"line":9,"column":35},"end":{"line":9,"column":35}}]},"4":{"line":29,"type":"binary-expr","locations":[{"start":{"line":29,"column":9},"end":{"line":29,"column":47}},{"start":{"line":29,"column":51},"end":{"line":29,"column":75}}]},"5":{"line":33,"type":"binary-expr","locations":[{"start":{"line":33,"column":10},"end":{"line":33,"column":49}},{"start":{"line":33,"column":53},"end":{"line":33,"column":101}}]},"6":{"line":41,"type":"binary-expr","locations":[{"start":{"line":41,"column":10},"end":{"line":41,"column":42}},{"start":{"line":41,"column":46},"end":{"line":41,"column":48}}]},"7":{"line":75,"type":"if","locations":[{"start":{"line":75,"column":4},"end":{"line":75,"column":4}},{"start":{"line":75,"column":4},"end":{"line":75,"column":4}}]},"8":{"line":78,"type":"if","locations":[{"start":{"line":78,"column":4},"end":{"line":78,"column":4}},{"start":{"line":78,"column":4},"end":{"line":78,"column":4}}]},"9":{"line":78,"type":"binary-expr","locations":[{"start":{"line":78,"column":8},"end":{"line":78,"column":52}},{"start":{"line":78,"column":56},"end":{"line":78,"column":71}}]},"10":{"line":80,"type":"if","locations":[{"start":{"line":80,"column":11},"end":{"line":80,"column":11}},{"start":{"line":80,"column":11},"end":{"line":80,"column":11}}]},"11":{"line":94,"type":"if","locations":[{"start":{"line":94,"column":4},"end":{"line":94,"column":4}},{"start":{"line":94,"column":4},"end":{"line":94,"column":4}}]},"12":{"line":107,"type":"if","locations":[{"start":{"line":107,"column":4},"end":{"line":107,"column":4}},{"start":{"line":107,"column":4},"end":{"line":107,"column":4}}]},"13":{"line":152,"type":"if","locations":[{"start":{"line":152,"column":4},"end":{"line":152,"column":4}},{"start":{"line":152,"column":4},"end":{"line":152,"column":4}}]},"14":{"line":154,"type":"cond-expr","locations":[{"start":{"line":154,"column":32},"end":{"line":154,"column":46}},{"start":{"line":154,"column":49},"end":{"line":154,"column":63}}]},"15":{"line":161,"type":"if","locations":[{"start":{"line":161,"column":4},"end":{"line":161,"column":4}},{"start":{"line":161,"column":4},"end":{"line":161,"column":4}}]},"16":{"line":168,"type":"cond-expr","locations":[{"start":{"line":168,"column":55},"end":{"line":168,"column":59}},{"start":{"line":168,"column":62},"end":{"line":168,"column":68}}]},"17":{"line":186,"type":"if","locations":[{"start":{"line":186,"column":4},"end":{"line":186,"column":4}},{"start":{"line":186,"column":4},"end":{"line":186,"column":4}}]},"18":{"line":194,"type":"if","locations":[{"start":{"line":194,"column":4},"end":{"line":194,"column":4}},{"start":{"line":194,"column":4},"end":{"line":194,"column":4}}]},"19":{"line":197,"type":"if","locations":[{"start":{"line":197,"column":4},"end":{"line":197,"column":4}},{"start":{"line":197,"column":4},"end":{"line":197,"column":4}}]},"20":{"line":197,"type":"binary-expr","locations":[{"start":{"line":197,"column":8},"end":{"line":197,"column":28}},{"start":{"line":197,"column":32},"end":{"line":197,"column":67}},{"start":{"line":197,"column":71},"end":{"line":197,"column":106}}]},"21":{"line":200,"type":"if","locations":[{"start":{"line":200,"column":4},"end":{"line":200,"column":4}},{"start":{"line":200,"column":4},"end":{"line":200,"column":4}}]}},"code":["'use strict';","","Object.defineProperty(exports, '__esModule', {","  value: true","});","","function _interopRequireDefault(obj) { return obj && obj.__esModule ? obj : { 'default': obj }; }","","function _toConsumableArray(arr) { if (Array.isArray(arr)) { for (var i = 0, arr2 = Array(arr.length); i < arr.length; i++) arr2[i] = arr[i]; return arr2; } else { return Array.from(arr); } }","","var _react = require('react');","","var _react2 = _interopRequireDefault(_react);","","var PropTypes = _react2['default'].PropTypes;","var _React$DOM = _react2['default'].DOM;","var span = _React$DOM.span;","var img = _React$DOM.img;","var noscript = _React$DOM.noscript;","","var Status = {","  PENDING: 'pending',","  LOADING: 'loading',","  LOADED: 'loaded',","  FAILED: 'failed'","};","","function hasSize(i) {","  return i.naturalWidth + i.naturalHeight === 0 || i.width + i.height === 0;","}","","function renderToStaticMarkup(el) {","  return (_react2['default'].renderToStaticMarkup || _react2['default'].renderComponentToStaticMarkup)(el);","}","","var id = function id(x) {","  return x;","};","","var createFactory = function createFactory(cls) {","  return (_react2['default'].createFactory || id)(cls);","};","","var ImageLoaderImg = createFactory(_react2['default'].createClass({","  displayName: 'ImageLoaderImage',","","  getInitialState: function getInitialState() {","    // We don't want to render the image on the server, because that will result","    // in the <img> tag being serialized the DOM causing the browser to start","    // loading the image before this component mounts on the client. Since the","    // point of this component is to exert control over the image load, we want","    // to avoid that.","    //","    // However, initially rendering different things on the server and the client","    // is a big no-no (invariant), so we need to also treat the first render on","    // the client like we do on the server. Only then, once we know we're in the","    // client environment, can we safely render with actual <img> tag.","    //","    // So, to achieve client-server parity, we track our own `isInitialRender`","    // state (we can't use `isMounted()`, since that will be true at the time of","    // initial render on the client, but not the server).","    return { isInitialRender: true };","  },","","  componentDidMount: function componentDidMount() {","    // FIXME: Is there a way to avoid setting state on mount?","    this.setState({ isInitialRender: false });","  },","","  handleLoad: function handleLoad() {","    for (var _len = arguments.length, args = Array(_len), _key = 0; _key < _len; _key++) {","      args[_key] = arguments[_key];","    }","","    if (!this.isMounted()) return;","    var image = this.refs.image;","","    if (Object.hasOwnProperty(image, 'naturalWidth') && !hasSize(image)) {","      this.handleError(new Error('Image <' + image.src + '> could not be loaded.'));","    } else if (this.props.onLoad) {","      var _props;","","      (_props = this.props).onLoad.apply(_props, args);","    }","  },","","  handleError: function handleError() {","    var _props2;","","    for (var _len2 = arguments.length, args = Array(_len2), _key2 = 0; _key2 < _len2; _key2++) {","      args[_key2] = arguments[_key2];","    }","","    if (this.props.onError) (_props2 = this.props).onError.apply(_props2, args);","  },","","  renderImg: function renderImg() {","    var props = Object.assign({}, this.props, {","      ref: 'image',","      onLoad: this.handleLoad,","      onError: this.handleError","    });","    return _react2['default'].createElement('img', props);","  },","","  render: function render() {","    if (this.state.isInitialRender) {","      // We will initially render the <img> tag in a <noscript> (see note in","      // `getInitialState` for reasons). This will increase accessibility in that","      // rare case when the serialized component is served to a browser with","      // javascript disabled, but ensure that the image won't start loading","      // before we're ready. However, there is an issue","      // (https://github.com/facebook/react/issues/1252) that causes noscript to","      // cause invariant violations when rendered on the server. So, we render it","      // as a string and set the inner HTML of a wrapper span.","      var html = renderToStaticMarkup(_react2['default'].createElement(","        'noscript',","        null,","        this.renderImg()","      ));","      return _react2['default'].createElement('span', {","        style: { display: 'none' },","        dangerouslySetInnerHTML: { __html: html } });","    } else {","      return this.renderImg();","    }","  }","}));","","var ImageLoader = _react2['default'].createClass({","  displayName: 'ImageLoader',","  // mixins: [ReactLoaderMixin]  // FIXME: get rid of this!","  propTypes: {","    wrapper: PropTypes.func,","    preloader: PropTypes.func,","    onLoad: PropTypes.func,","    onError: PropTypes.func","  },","","  getInitialState: function getInitialState() {","    return { status: Status.PENDING };","  },","","  getDefaultProps: function getDefaultProps() {","    return {","      wrapper: span,","      loader: ImageLoaderImg","    };","  },","","  componentWillReceiveProps: function componentWillReceiveProps(nextProps) {","    if (this.props.src !== nextProps.src) {","      this.setState({","        status: nextProps.src ? Status.LOADING : Status.PENDING","      });","    }","  },","","  getClassName: function getClassName() {","    var className = 'imageloader ' + this.state.status;","    if (this.props.className) className = '' + className + ' ' + this.props.className;","    return className;","  },","","  getImgProps: function getImgProps() {","    var props = Object.assign({}, this.props, {","      style: Object.assign({}, this.props.style, {","        display: this.state.status === Status.LOADED ? null : 'none'","      })","    });","    delete props.wrapper;","    delete props.preloader;","    delete props.children;","    return props;","  },","","  loaderDidLoad: function loaderDidLoad() {","    this.setState({ status: Status.LOADED });","  },","","  loaderDidError: function loaderDidError() {","    this.setState({ status: Status.FAILED });","  },","","  renderChildren: function renderChildren() {","    if (Array.isArray(this.props.children)) return this.props.children.slice();","    return [this.props.children];","  },","","  render: function render() {","    var _props3;","","    var wrapperArgs = [{ className: this.getClassName() }];","    if (this.props.src) {","      wrapperArgs.push(this.renderLoader(ImageLoaderImg, this.getImgProps()));","    }","    if (this.props.preloader && this.state.status !== Status.LOADED && this.state.status !== Status.FAILED) {","      wrapperArgs.push(this.props.preloader());","    }","    if (this.state.status === Status.FAILED) {","      wrapperArgs = wrapperArgs.concat(this.renderChildren());","    }","    return (_props3 = this.props).wrapper.apply(_props3, _toConsumableArray(wrapperArgs));","  }","});","","exports['default'] = ImageLoader;","module.exports = exports['default'];"],"l":{"3":1,"7":1,"9":1,"11":1,"13":1,"15":1,"16":1,"17":1,"18":1,"19":1,"21":1,"28":1,"29":0,"32":1,"33":0,"36":1,"37":0,"40":1,"41":1,"44":1,"62":0,"67":0,"71":0,"72":0,"75":0,"76":0,"78":0,"79":0,"80":0,"81":0,"83":0,"88":0,"90":0,"91":0,"94":0,"98":0,"103":0,"107":0,"116":0,"121":0,"125":0,"130":1,"141":0,"145":1,"152":0,"153":0,"160":0,"161":0,"162":0,"166":0,"171":0,"172":0,"173":0,"174":0,"178":0,"182":0,"186":0,"187":0,"191":0,"193":0,"194":0,"195":0,"197":0,"198":0,"200":0,"201":0,"203":0,"207":1,"208":1}}}